<LogMessage time="2019-01-31 13:30:57.866" source="Newport.Common.Logging.SingleFileLoggingMethod" logname="AGILISUC.Log" thread="" severity="Info"><![CDATA[Logging device for AGILISUC.Log opened for AgilisApp version 2.0.1.0.  Instance name = AgilisUC, Instance version = ]]></LogMessage>
<LogMessage time="2019-01-31 13:30:57.858" source="Newport.Common.Logging.SingleFileLoggingMethod" logname="AGILISUC.Log" thread="" severity="Info"><![CDATA[Log AGILISUC.Log opened for AgilisApp version 2.0.1.0.  Instance name = AgilisUC, Instance version = ]]></LogMessage>
<LogMessage time="2019-01-31 13:30:57.870" source="Newport.Common.Logging.SingleFileLoggingMethod" logname="AGILISUC.Log" thread="" severity="Info"><![CDATA[Log AGILISUC.Log is logging at level 4]]></LogMessage>
<LogMessage time="2019-01-31 13:30:57.873" source="Newport.Common.Logging.SingleFileLoggingMethod" logname="AGILISUC.Log" thread="" severity="Info"><![CDATA[Log AGILISUC.Log is logging at level 0]]></LogMessage>
<LogMessage time="2019-01-31 13:30:57.874" source="AgilisUC" logname="AGILISUC.Log" thread="" severity="Info"><![CDATA[Load Configuration : Successful.]]></LogMessage>
<LogMessage time="2019-01-31 13:30:57.876" source="AgilisUC" logname="AGILISUC.Log" thread="" severity="Info"><![CDATA[AGILISUC Log Initialize]]></LogMessage>
<LogMessage time="2019-01-31 13:30:57.916" source="AgilisCmds" logname="AGILISUC.Log" thread="" severity="Trace"><![CDATA[Command Sent to the Instrument:  VE => Response to command: AG-UC8 v2.2.1]]></LogMessage>
<LogMessage time="2019-01-31 13:30:57.919" source="AgilisUC" logname="AGILISUC.Log" thread="" severity="Info"><![CDATA[MR: Success]]></LogMessage>
<LogMessage time="2019-01-31 13:30:57.932" source="AgilisCmds" logname="AGILISUC.Log" thread="" severity="Trace"><![CDATA[Command Sent to the Instrument:  CC => Response to command: C1]]></LogMessage>
<LogMessage time="2019-01-31 13:30:57.946" source="AgilisCmds" logname="AGILISUC.Log" thread="" severity="Trace"><![CDATA[Command Sent to the Instrument:  1TS => Response to command: 0]]></LogMessage>
<LogMessage time="2019-01-31 13:30:57.946" source="AgilisUC" logname="AGILISUC.Log" thread="" severity="Info"><![CDATA[Communication with instrument successful]]></LogMessage>
<LogMessage time="2019-01-31 13:30:57.962" source="AgilisCmds" logname="AGILISUC.Log" thread="" severity="Trace"><![CDATA[Command Sent to the Instrument:  1SU- => Response to command: 35]]></LogMessage>
<LogMessage time="2019-01-31 13:30:57.978" source="AgilisCmds" logname="AGILISUC.Log" thread="" severity="Trace"><![CDATA[Command Sent to the Instrument:  1SU+ => Response to command: 35]]></LogMessage>
<LogMessage time="2019-01-31 13:30:57.994" source="AgilisCmds" logname="AGILISUC.Log" thread="" severity="Trace"><![CDATA[Command Sent to the Instrument:  1SU- => Response to command: 35]]></LogMessage>
<LogMessage time="2019-01-31 13:30:58.010" source="AgilisCmds" logname="AGILISUC.Log" thread="" severity="Trace"><![CDATA[Command Sent to the Instrument:  1SU+ => Response to command: 35]]></LogMessage>
<LogMessage time="2019-01-31 13:30:58.058" source="AgilisCmds" logname="AGILISUC.Log" thread="" severity="Trace"><![CDATA[Command Sent to the Instrument:  1TS => Response to command: 0]]></LogMessage>
<LogMessage time="2019-01-31 13:30:58.298" source="AgilisCmds" logname="AGILISUC.Log" thread="" severity="Trace"><![CDATA[Command Sent to the Instrument:  1TS => Response to command: 0]]></LogMessage>
<LogMessage time="2019-01-31 13:30:58.506" source="AgilisCmds" logname="AGILISUC.Log" thread="" severity="Trace"><![CDATA[Command Sent to the Instrument:  1TS => Response to command: 0]]></LogMessage>
<LogMessage time="2019-01-31 13:30:58.714" source="AgilisCmds" logname="AGILISUC.Log" thread="" severity="Trace"><![CDATA[Command Sent to the Instrument:  1TS => Response to command: 0]]></LogMessage>
<LogMessage time="2019-01-31 13:30:58.922" source="AgilisCmds" logname="AGILISUC.Log" thread="" severity="Trace"><![CDATA[Command Sent to the Instrument:  1TS => Response to command: 0]]></LogMessage>
<LogMessage time="2019-01-31 13:30:59.129" source="AgilisCmds" logname="AGILISUC.Log" thread="" severity="Trace"><![CDATA[Command Sent to the Instrument:  1TS => Response to command: 0]]></LogMessage>
<LogMessage time="2019-01-31 13:30:59.337" source="AgilisCmds" logname="AGILISUC.Log" thread="" severity="Trace"><![CDATA[Command Sent to the Instrument:  1TS => Response to command: 0]]></LogMessage>
<LogMessage time="2019-01-31 13:30:59.545" source="AgilisCmds" logname="AGILISUC.Log" thread="" severity="Trace"><![CDATA[Command Sent to the Instrument:  1TS => Response to command: 0]]></LogMessage>
<LogMessage time="2019-01-31 13:30:59.753" source="AgilisCmds" logname="AGILISUC.Log" thread="" severity="Trace"><![CDATA[Command Sent to the Instrument:  1TS => Response to command: 0]]></LogMessage>
<LogMessage time="2019-01-31 13:30:59.962" source="AgilisCmds" logname="AGILISUC.Log" thread="" severity="Trace"><![CDATA[Command Sent to the Instrument:  1TS => Response to command: 0]]></LogMessage>
<LogMessage time="2019-01-31 13:31:00.169" source="AgilisCmds" logname="AGILISUC.Log" thread="" severity="Trace"><![CDATA[Command Sent to the Instrument:  1TS => Response to command: 0]]></LogMessage>
<LogMessage time="2019-01-31 13:31:00.378" source="AgilisCmds" logname="AGILISUC.Log" thread="" severity="Trace"><![CDATA[Command Sent to the Instrument:  1TS => Response to command: 0]]></LogMessage>
<LogMessage time="2019-01-31 13:31:00.585" source="AgilisCmds" logname="AGILISUC.Log" thread="" severity="Trace"><![CDATA[Command Sent to the Instrument:  1TS => Response to command: 0]]></LogMessage>
<LogMessage time="2019-01-31 13:31:00.793" source="AgilisCmds" logname="AGILISUC.Log" thread="" severity="Trace"><![CDATA[Command Sent to the Instrument:  1TS => Response to command: 0]]></LogMessage>
<LogMessage time="2019-01-31 13:31:01.001" source="AgilisCmds" logname="AGILISUC.Log" thread="" severity="Trace"><![CDATA[Command Sent to the Instrument:  1TS => Response to command: 0]]></LogMessage>
<LogMessage time="2019-01-31 13:31:01.209" source="AgilisCmds" logname="AGILISUC.Log" thread="" severity="Trace"><![CDATA[Command Sent to the Instrument:  1TS => Response to command: 0]]></LogMessage>
<LogMessage time="2019-01-31 13:31:01.417" source="AgilisCmds" logname="AGILISUC.Log" thread="" severity="Trace"><![CDATA[Command Sent to the Instrument:  1TS => Response to command: 0]]></LogMessage>
<LogMessage time="2019-01-31 13:31:01.624" source="AgilisCmds" logname="AGILISUC.Log" thread="" severity="Trace"><![CDATA[Command Sent to the Instrument:  1TS => Response to command: 0]]></LogMessage>
<LogMessage time="2019-01-31 13:31:01.833" source="AgilisCmds" logname="AGILISUC.Log" thread="" severity="Trace"><![CDATA[Command Sent to the Instrument:  1TS => Response to command: 0]]></LogMessage>
<LogMessage time="2019-01-31 13:31:02.041" source="AgilisCmds" logname="AGILISUC.Log" thread="" severity="Trace"><![CDATA[Command Sent to the Instrument:  1TS => Response to command: 0]]></LogMessage>
<LogMessage time="2019-01-31 13:31:02.249" source="AgilisCmds" logname="AGILISUC.Log" thread="" severity="Trace"><![CDATA[Command Sent to the Instrument:  1TS => Response to command: 0]]></LogMessage>
<LogMessage time="2019-01-31 13:31:02.457" source="AgilisCmds" logname="AGILISUC.Log" thread="" severity="Trace"><![CDATA[Command Sent to the Instrument:  1TS => Response to command: 0]]></LogMessage>
<LogMessage time="2019-01-31 13:31:02.664" source="AgilisCmds" logname="AGILISUC.Log" thread="" severity="Trace"><![CDATA[Command Sent to the Instrument:  1TS => Response to command: 0]]></LogMessage>
<LogMessage time="2019-01-31 13:31:02.873" source="AgilisCmds" logname="AGILISUC.Log" thread="" severity="Trace"><![CDATA[Command Sent to the Instrument:  1TS => Response to command: 0]]></LogMessage>
<LogMessage time="2019-01-31 13:31:03.080" source="AgilisCmds" logname="AGILISUC.Log" thread="" severity="Trace"><![CDATA[Command Sent to the Instrument:  1TS => Response to command: 0]]></LogMessage>
<LogMessage time="2019-01-31 13:31:03.288" source="AgilisCmds" logname="AGILISUC.Log" thread="" severity="Trace"><![CDATA[Command Sent to the Instrument:  1TS => Response to command: 0]]></LogMessage>
<LogMessage time="2019-01-31 13:31:03.496" source="AgilisCmds" logname="AGILISUC.Log" thread="" severity="Trace"><![CDATA[Command Sent to the Instrument:  1TS => Response to command: 0]]></LogMessage>
<LogMessage time="2019-01-31 13:31:03.704" source="AgilisCmds" logname="AGILISUC.Log" thread="" severity="Trace"><![CDATA[Command Sent to the Instrument:  1TS => Response to command: 0]]></LogMessage>
<LogMessage time="2019-01-31 13:31:03.912" source="AgilisCmds" logname="AGILISUC.Log" thread="" severity="Trace"><![CDATA[Command Sent to the Instrument:  1TS => Response to command: 0]]></LogMessage>
<LogMessage time="2019-01-31 13:31:04.120" source="AgilisCmds" logname="AGILISUC.Log" thread="" severity="Trace"><![CDATA[Command Sent to the Instrument:  1TS => Response to command: 0]]></LogMessage>
<LogMessage time="2019-01-31 13:31:04.328" source="AgilisCmds" logname="AGILISUC.Log" thread="" severity="Trace"><![CDATA[Command Sent to the Instrument:  1TS => Response to command: 0]]></LogMessage>
<LogMessage time="2019-01-31 13:31:04.536" source="AgilisCmds" logname="AGILISUC.Log" thread="" severity="Trace"><![CDATA[Command Sent to the Instrument:  1TS => Response to command: 0]]></LogMessage>
<LogMessage time="2019-01-31 13:31:04.744" source="AgilisCmds" logname="AGILISUC.Log" thread="" severity="Trace"><![CDATA[Command Sent to the Instrument:  1TS => Response to command: 0]]></LogMessage>
<LogMessage time="2019-01-31 13:31:04.952" source="AgilisCmds" logname="AGILISUC.Log" thread="" severity="Trace"><![CDATA[Command Sent to the Instrument:  1TS => Response to command: 0]]></LogMessage>
<LogMessage time="2019-01-31 13:31:05.160" source="AgilisCmds" logname="AGILISUC.Log" thread="" severity="Trace"><![CDATA[Command Sent to the Instrument:  1TS => Response to command: 0]]></LogMessage>
<LogMessage time="2019-01-31 13:31:05.368" source="AgilisCmds" logname="AGILISUC.Log" thread="" severity="Trace"><![CDATA[Command Sent to the Instrument:  1TS => Response to command: 0]]></LogMessage>
<LogMessage time="2019-01-31 13:31:05.576" source="AgilisCmds" logname="AGILISUC.Log" thread="" severity="Trace"><![CDATA[Command Sent to the Instrument:  1TS => Response to command: 0]]></LogMessage>
<LogMessage time="2019-01-31 13:31:05.783" source="AgilisCmds" logname="AGILISUC.Log" thread="" severity="Trace"><![CDATA[Command Sent to the Instrument:  1TS => Response to command: 0]]></LogMessage>
<LogMessage time="2019-01-31 13:31:05.992" source="AgilisCmds" logname="AGILISUC.Log" thread="" severity="Trace"><![CDATA[Command Sent to the Instrument:  1TS => Response to command: 0]]></LogMessage>
<LogMessage time="2019-01-31 13:31:06.199" source="AgilisCmds" logname="AGILISUC.Log" thread="" severity="Trace"><![CDATA[Command Sent to the Instrument:  1TS => Response to command: 0]]></LogMessage>
<LogMessage time="2019-01-31 13:31:06.407" source="AgilisCmds" logname="AGILISUC.Log" thread="" severity="Trace"><![CDATA[Command Sent to the Instrument:  1TS => Response to command: 0]]></LogMessage>
<LogMessage time="2019-01-31 13:31:06.615" source="AgilisCmds" logname="AGILISUC.Log" thread="" severity="Trace"><![CDATA[Command Sent to the Instrument:  1TS => Response to command: 0]]></LogMessage>
<LogMessage time="2019-01-31 13:31:06.823" source="AgilisCmds" logname="AGILISUC.Log" thread="" severity="Trace"><![CDATA[Command Sent to the Instrument:  1TS => Response to command: 0]]></LogMessage>
<LogMessage time="2019-01-31 13:31:07.030" source="AgilisCmds" logname="AGILISUC.Log" thread="" severity="Trace"><![CDATA[Command Sent to the Instrument:  1TS => Response to command: 0]]></LogMessage>
<LogMessage time="2019-01-31 13:31:07.239" source="AgilisCmds" logname="AGILISUC.Log" thread="" severity="Trace"><![CDATA[Command Sent to the Instrument:  1TS => Response to command: 0]]></LogMessage>
<LogMessage time="2019-01-31 13:31:07.447" source="AgilisCmds" logname="AGILISUC.Log" thread="" severity="Trace"><![CDATA[Command Sent to the Instrument:  1TS => Response to command: 0]]></LogMessage>
<LogMessage time="2019-01-31 13:31:07.469" source="AgilisUC" logname="AGILISUC.Log" thread="" severity="Info"><![CDATA[JA: Start Jog Motion : Successful.]]></LogMessage>
<LogMessage time="2019-01-31 13:31:07.654" source="AgilisCmds" logname="AGILISUC.Log" thread="" severity="Trace"><![CDATA[Command Sent to the Instrument:  1TS => Response to command: 2]]></LogMessage>
<LogMessage time="2019-01-31 13:31:07.911" source="AgilisCmds" logname="AGILISUC.Log" thread="" severity="Trace"><![CDATA[Command Sent to the Instrument:  1TS => Response to command: 2]]></LogMessage>
<LogMessage time="2019-01-31 13:31:08.119" source="AgilisCmds" logname="AGILISUC.Log" thread="" severity="Trace"><![CDATA[Command Sent to the Instrument:  1TS => Response to command: 2]]></LogMessage>
<LogMessage time="2019-01-31 13:31:08.327" source="AgilisCmds" logname="AGILISUC.Log" thread="" severity="Trace"><![CDATA[Command Sent to the Instrument:  1TS => Response to command: 2]]></LogMessage>
<LogMessage time="2019-01-31 13:31:08.535" source="AgilisCmds" logname="AGILISUC.Log" thread="" severity="Trace"><![CDATA[Command Sent to the Instrument:  1TS => Response to command: 2]]></LogMessage>
<LogMessage time="2019-01-31 13:31:08.743" source="AgilisCmds" logname="AGILISUC.Log" thread="" severity="Trace"><![CDATA[Command Sent to the Instrument:  1TS => Response to command: 2]]></LogMessage>
<LogMessage time="2019-01-31 13:31:08.951" source="AgilisCmds" logname="AGILISUC.Log" thread="" severity="Trace"><![CDATA[Command Sent to the Instrument:  1TS => Response to command: 2]]></LogMessage>
<LogMessage time="2019-01-31 13:31:09.158" source="AgilisCmds" logname="AGILISUC.Log" thread="" severity="Trace"><![CDATA[Command Sent to the Instrument:  1TS => Response to command: 2]]></LogMessage>
<LogMessage time="2019-01-31 13:31:09.366" source="AgilisCmds" logname="AGILISUC.Log" thread="" severity="Trace"><![CDATA[Command Sent to the Instrument:  1TS => Response to command: 2]]></LogMessage>
<LogMessage time="2019-01-31 13:31:09.574" source="AgilisCmds" logname="AGILISUC.Log" thread="" severity="Trace"><![CDATA[Command Sent to the Instrument:  1TS => Response to command: 2]]></LogMessage>
<LogMessage time="2019-01-31 13:31:09.782" source="AgilisCmds" logname="AGILISUC.Log" thread="" severity="Trace"><![CDATA[Command Sent to the Instrument:  1TS => Response to command: 2]]></LogMessage>
<LogMessage time="2019-01-31 13:31:09.991" source="AgilisCmds" logname="AGILISUC.Log" thread="" severity="Trace"><![CDATA[Command Sent to the Instrument:  1TS => Response to command: 2]]></LogMessage>
<LogMessage time="2019-01-31 13:31:10.198" source="AgilisCmds" logname="AGILISUC.Log" thread="" severity="Trace"><![CDATA[Command Sent to the Instrument:  1TS => Response to command: 2]]></LogMessage>
<LogMessage time="2019-01-31 13:31:10.406" source="AgilisCmds" logname="AGILISUC.Log" thread="" severity="Trace"><![CDATA[Command Sent to the Instrument:  1TS => Response to command: 2]]></LogMessage>
<LogMessage time="2019-01-31 13:31:10.614" source="AgilisCmds" logname="AGILISUC.Log" thread="" severity="Trace"><![CDATA[Command Sent to the Instrument:  1TS => Response to command: 2]]></LogMessage>
<LogMessage time="2019-01-31 13:31:10.822" source="AgilisCmds" logname="AGILISUC.Log" thread="" severity="Trace"><![CDATA[Command Sent to the Instrument:  1TS => Response to command: 2]]></LogMessage>
<LogMessage time="2019-01-31 13:31:11.030" source="AgilisCmds" logname="AGILISUC.Log" thread="" severity="Trace"><![CDATA[Command Sent to the Instrument:  1TS => Response to command: 2]]></LogMessage>
<LogMessage time="2019-01-31 13:31:11.107" source="AgilisUC" logname="AGILISUC.Log" thread="" severity="Info"><![CDATA[JA: Start Jog Motion : Successful.]]></LogMessage>
<LogMessage time="2019-01-31 13:31:11.238" source="AgilisCmds" logname="AGILISUC.Log" thread="" severity="Trace"><![CDATA[Command Sent to the Instrument:  1TS => Response to command: 0]]></LogMessage>
<LogMessage time="2019-01-31 13:31:11.494" source="AgilisCmds" logname="AGILISUC.Log" thread="" severity="Trace"><![CDATA[Command Sent to the Instrument:  1TS => Response to command: 0]]></LogMessage>
<LogMessage time="2019-01-31 13:31:11.702" source="AgilisCmds" logname="AGILISUC.Log" thread="" severity="Trace"><![CDATA[Command Sent to the Instrument:  1TS => Response to command: 0]]></LogMessage>
<LogMessage time="2019-01-31 13:31:11.910" source="AgilisCmds" logname="AGILISUC.Log" thread="" severity="Trace"><![CDATA[Command Sent to the Instrument:  1TS => Response to command: 0]]></LogMessage>
<LogMessage time="2019-01-31 13:31:12.118" source="AgilisCmds" logname="AGILISUC.Log" thread="" severity="Trace"><![CDATA[Command Sent to the Instrument:  1TS => Response to command: 0]]></LogMessage>
<LogMessage time="2019-01-31 13:31:12.325" source="AgilisCmds" logname="AGILISUC.Log" thread="" severity="Trace"><![CDATA[Command Sent to the Instrument:  1TS => Response to command: 0]]></LogMessage>
<LogMessage time="2019-01-31 13:31:12.534" source="AgilisCmds" logname="AGILISUC.Log" thread="" severity="Trace"><![CDATA[Command Sent to the Instrument:  1TS => Response to command: 0]]></LogMessage>
<LogMessage time="2019-01-31 13:31:12.742" source="AgilisCmds" logname="AGILISUC.Log" thread="" severity="Trace"><![CDATA[Command Sent to the Instrument:  1TS => Response to command: 0]]></LogMessage>
<LogMessage time="2019-01-31 13:31:12.950" source="AgilisCmds" logname="AGILISUC.Log" thread="" severity="Trace"><![CDATA[Command Sent to the Instrument:  1TS => Response to command: 0]]></LogMessage>
<LogMessage time="2019-01-31 13:31:13.157" source="AgilisCmds" logname="AGILISUC.Log" thread="" severity="Trace"><![CDATA[Command Sent to the Instrument:  1TS => Response to command: 0]]></LogMessage>
<LogMessage time="2019-01-31 13:31:13.366" source="AgilisCmds" logname="AGILISUC.Log" thread="" severity="Trace"><![CDATA[Command Sent to the Instrument:  1TS => Response to command: 0]]></LogMessage>
<LogMessage time="2019-01-31 13:31:13.574" source="AgilisCmds" logname="AGILISUC.Log" thread="" severity="Trace"><![CDATA[Command Sent to the Instrument:  1TS => Response to command: 0]]></LogMessage>
<LogMessage time="2019-01-31 13:31:13.781" source="AgilisCmds" logname="AGILISUC.Log" thread="" severity="Trace"><![CDATA[Command Sent to the Instrument:  1TS => Response to command: 0]]></LogMessage>
<LogMessage time="2019-01-31 13:31:13.989" source="AgilisCmds" logname="AGILISUC.Log" thread="" severity="Trace"><![CDATA[Command Sent to the Instrument:  1TS => Response to command: 0]]></LogMessage>
<LogMessage time="2019-01-31 13:31:14.197" source="AgilisCmds" logname="AGILISUC.Log" thread="" severity="Trace"><![CDATA[Command Sent to the Instrument:  1TS => Response to command: 0]]></LogMessage>
<LogMessage time="2019-01-31 13:31:14.405" source="AgilisCmds" logname="AGILISUC.Log" thread="" severity="Trace"><![CDATA[Command Sent to the Instrument:  1TS => Response to command: 0]]></LogMessage>
<LogMessage time="2019-01-31 13:31:14.506" source="AgilisUC" logname="AGILISUC.Log" thread="" severity="Info"><![CDATA[JA: Start Jog Motion : Successful.]]></LogMessage>
<LogMessage time="2019-01-31 13:31:14.612" source="AgilisCmds" logname="AGILISUC.Log" thread="" severity="Trace"><![CDATA[Command Sent to the Instrument:  1TS => Response to command: 2]]></LogMessage>
<LogMessage time="2019-01-31 13:31:14.869" source="AgilisCmds" logname="AGILISUC.Log" thread="" severity="Trace"><![CDATA[Command Sent to the Instrument:  1TS => Response to command: 2]]></LogMessage>
<LogMessage time="2019-01-31 13:31:15.076" source="AgilisCmds" logname="AGILISUC.Log" thread="" severity="Trace"><![CDATA[Command Sent to the Instrument:  1TS => Response to command: 2]]></LogMessage>
<LogMessage time="2019-01-31 13:31:15.285" source="AgilisCmds" logname="AGILISUC.Log" thread="" severity="Trace"><![CDATA[Command Sent to the Instrument:  1TS => Response to command: 2]]></LogMessage>
<LogMessage time="2019-01-31 13:31:15.493" source="AgilisCmds" logname="AGILISUC.Log" thread="" severity="Trace"><![CDATA[Command Sent to the Instrument:  1TS => Response to command: 2]]></LogMessage>
<LogMessage time="2019-01-31 13:31:15.701" source="AgilisCmds" logname="AGILISUC.Log" thread="" severity="Trace"><![CDATA[Command Sent to the Instrument:  1TS => Response to command: 2]]></LogMessage>
<LogMessage time="2019-01-31 13:31:15.909" source="AgilisCmds" logname="AGILISUC.Log" thread="" severity="Trace"><![CDATA[Command Sent to the Instrument:  1TS => Response to command: 2]]></LogMessage>
<LogMessage time="2019-01-31 13:31:16.117" source="AgilisCmds" logname="AGILISUC.Log" thread="" severity="Trace"><![CDATA[Command Sent to the Instrument:  1TS => Response to command: 2]]></LogMessage>
<LogMessage time="2019-01-31 13:31:16.325" source="AgilisCmds" logname="AGILISUC.Log" thread="" severity="Trace"><![CDATA[Command Sent to the Instrument:  1TS => Response to command: 2]]></LogMessage>
<LogMessage time="2019-01-31 13:31:16.532" source="AgilisCmds" logname="AGILISUC.Log" thread="" severity="Trace"><![CDATA[Command Sent to the Instrument:  1TS => Response to command: 2]]></LogMessage>
<LogMessage time="2019-01-31 13:31:16.741" source="AgilisCmds" logname="AGILISUC.Log" thread="" severity="Trace"><![CDATA[Command Sent to the Instrument:  1TS => Response to command: 2]]></LogMessage>
<LogMessage time="2019-01-31 13:31:16.949" source="AgilisCmds" logname="AGILISUC.Log" thread="" severity="Trace"><![CDATA[Command Sent to the Instrument:  1TS => Response to command: 2]]></LogMessage>
<LogMessage time="2019-01-31 13:31:17.156" source="AgilisCmds" logname="AGILISUC.Log" thread="" severity="Trace"><![CDATA[Command Sent to the Instrument:  1TS => Response to command: 2]]></LogMessage>
<LogMessage time="2019-01-31 13:31:17.364" source="AgilisCmds" logname="AGILISUC.Log" thread="" severity="Trace"><![CDATA[Command Sent to the Instrument:  1TS => Response to command: 2]]></LogMessage>
<LogMessage time="2019-01-31 13:31:17.573" source="AgilisCmds" logname="AGILISUC.Log" thread="" severity="Trace"><![CDATA[Command Sent to the Instrument:  1TS => Response to command: 2]]></LogMessage>
<LogMessage time="2019-01-31 13:31:17.780" source="AgilisCmds" logname="AGILISUC.Log" thread="" severity="Trace"><![CDATA[Command Sent to the Instrument:  1TS => Response to command: 2]]></LogMessage>
<LogMessage time="2019-01-31 13:31:17.988" source="AgilisCmds" logname="AGILISUC.Log" thread="" severity="Trace"><![CDATA[Command Sent to the Instrument:  1TS => Response to command: 2]]></LogMessage>
<LogMessage time="2019-01-31 13:31:18.196" source="AgilisCmds" logname="AGILISUC.Log" thread="" severity="Trace"><![CDATA[Command Sent to the Instrument:  1TS => Response to command: 2]]></LogMessage>
<LogMessage time="2019-01-31 13:31:18.404" source="AgilisCmds" logname="AGILISUC.Log" thread="" severity="Trace"><![CDATA[Command Sent to the Instrument:  1TS => Response to command: 2]]></LogMessage>
<LogMessage time="2019-01-31 13:31:18.611" source="AgilisCmds" logname="AGILISUC.Log" thread="" severity="Trace"><![CDATA[Command Sent to the Instrument:  1TS => Response to command: 2]]></LogMessage>
<LogMessage time="2019-01-31 13:31:18.820" source="AgilisCmds" logname="AGILISUC.Log" thread="" severity="Trace"><![CDATA[Command Sent to the Instrument:  1TS => Response to command: 2]]></LogMessage>
<LogMessage time="2019-01-31 13:31:19.028" source="AgilisCmds" logname="AGILISUC.Log" thread="" severity="Trace"><![CDATA[Command Sent to the Instrument:  1TS => Response to command: 2]]></LogMessage>
<LogMessage time="2019-01-31 13:31:19.235" source="AgilisCmds" logname="AGILISUC.Log" thread="" severity="Trace"><![CDATA[Command Sent to the Instrument:  1TS => Response to command: 2]]></LogMessage>
<LogMessage time="2019-01-31 13:31:19.444" source="AgilisCmds" logname="AGILISUC.Log" thread="" severity="Trace"><![CDATA[Command Sent to the Instrument:  1TS => Response to command: 2]]></LogMessage>
<LogMessage time="2019-01-31 13:31:19.652" source="AgilisCmds" logname="AGILISUC.Log" thread="" severity="Trace"><![CDATA[Command Sent to the Instrument:  1TS => Response to command: 2]]></LogMessage>
<LogMessage time="2019-01-31 13:31:19.859" source="AgilisCmds" logname="AGILISUC.Log" thread="" severity="Trace"><![CDATA[Command Sent to the Instrument:  1TS => Response to command: 2]]></LogMessage>
<LogMessage time="2019-01-31 13:31:20.067" source="AgilisCmds" logname="AGILISUC.Log" thread="" severity="Trace"><![CDATA[Command Sent to the Instrument:  1TS => Response to command: 2]]></LogMessage>
<LogMessage time="2019-01-31 13:31:20.275" source="AgilisCmds" logname="AGILISUC.Log" thread="" severity="Trace"><![CDATA[Command Sent to the Instrument:  1TS => Response to command: 2]]></LogMessage>
<LogMessage time="2019-01-31 13:31:20.483" source="AgilisCmds" logname="AGILISUC.Log" thread="" severity="Trace"><![CDATA[Command Sent to the Instrument:  1TS => Response to command: 2]]></LogMessage>
<LogMessage time="2019-01-31 13:31:20.691" source="AgilisCmds" logname="AGILISUC.Log" thread="" severity="Trace"><![CDATA[Command Sent to the Instrument:  1TS => Response to command: 2]]></LogMessage>
<LogMessage time="2019-01-31 13:31:20.899" source="AgilisCmds" logname="AGILISUC.Log" thread="" severity="Trace"><![CDATA[Command Sent to the Instrument:  1TS => Response to command: 2]]></LogMessage>
<LogMessage time="2019-01-31 13:31:21.107" source="AgilisCmds" logname="AGILISUC.Log" thread="" severity="Trace"><![CDATA[Command Sent to the Instrument:  1TS => Response to command: 2]]></LogMessage>
<LogMessage time="2019-01-31 13:31:21.314" source="AgilisCmds" logname="AGILISUC.Log" thread="" severity="Trace"><![CDATA[Command Sent to the Instrument:  1TS => Response to command: 2]]></LogMessage>
<LogMessage time="2019-01-31 13:31:21.523" source="AgilisCmds" logname="AGILISUC.Log" thread="" severity="Trace"><![CDATA[Command Sent to the Instrument:  1TS => Response to command: 2]]></LogMessage>
<LogMessage time="2019-01-31 13:31:21.731" source="AgilisCmds" logname="AGILISUC.Log" thread="" severity="Trace"><![CDATA[Command Sent to the Instrument:  1TS => Response to command: 2]]></LogMessage>
<LogMessage time="2019-01-31 13:31:21.939" source="AgilisCmds" logname="AGILISUC.Log" thread="" severity="Trace"><![CDATA[Command Sent to the Instrument:  1TS => Response to command: 2]]></LogMessage>
<LogMessage time="2019-01-31 13:31:22.146" source="AgilisCmds" logname="AGILISUC.Log" thread="" severity="Trace"><![CDATA[Command Sent to the Instrument:  1TS => Response to command: 2]]></LogMessage>
<LogMessage time="2019-01-31 13:31:22.355" source="AgilisCmds" logname="AGILISUC.Log" thread="" severity="Trace"><![CDATA[Command Sent to the Instrument:  1TS => Response to command: 2]]></LogMessage>
<LogMessage time="2019-01-31 13:31:22.562" source="AgilisCmds" logname="AGILISUC.Log" thread="" severity="Trace"><![CDATA[Command Sent to the Instrument:  1TS => Response to command: 2]]></LogMessage>
<LogMessage time="2019-01-31 13:31:22.771" source="AgilisCmds" logname="AGILISUC.Log" thread="" severity="Trace"><![CDATA[Command Sent to the Instrument:  1TS => Response to command: 2]]></LogMessage>
<LogMessage time="2019-01-31 13:31:22.979" source="AgilisCmds" logname="AGILISUC.Log" thread="" severity="Trace"><![CDATA[Command Sent to the Instrument:  1TS => Response to command: 2]]></LogMessage>
<LogMessage time="2019-01-31 13:31:23.187" source="AgilisCmds" logname="AGILISUC.Log" thread="" severity="Trace"><![CDATA[Command Sent to the Instrument:  1TS => Response to command: 2]]></LogMessage>
<LogMessage time="2019-01-31 13:31:23.395" source="AgilisCmds" logname="AGILISUC.Log" thread="" severity="Trace"><![CDATA[Command Sent to the Instrument:  1TS => Response to command: 2]]></LogMessage>
<LogMessage time="2019-01-31 13:31:23.603" source="AgilisCmds" logname="AGILISUC.Log" thread="" severity="Trace"><![CDATA[Command Sent to the Instrument:  1TS => Response to command: 2]]></LogMessage>
<LogMessage time="2019-01-31 13:31:23.810" source="AgilisCmds" logname="AGILISUC.Log" thread="" severity="Trace"><![CDATA[Command Sent to the Instrument:  1TS => Response to command: 2]]></LogMessage>
<LogMessage time="2019-01-31 13:31:24.018" source="AgilisCmds" logname="AGILISUC.Log" thread="" severity="Trace"><![CDATA[Command Sent to the Instrument:  1TS => Response to command: 2]]></LogMessage>
<LogMessage time="2019-01-31 13:31:24.226" source="AgilisCmds" logname="AGILISUC.Log" thread="" severity="Trace"><![CDATA[Command Sent to the Instrument:  1TS => Response to command: 2]]></LogMessage>
<LogMessage time="2019-01-31 13:31:24.434" source="AgilisCmds" logname="AGILISUC.Log" thread="" severity="Trace"><![CDATA[Command Sent to the Instrument:  1TS => Response to command: 2]]></LogMessage>
<LogMessage time="2019-01-31 13:31:24.642" source="AgilisCmds" logname="AGILISUC.Log" thread="" severity="Trace"><![CDATA[Command Sent to the Instrument:  1TS => Response to command: 2]]></LogMessage>
<LogMessage time="2019-01-31 13:31:24.850" source="AgilisCmds" logname="AGILISUC.Log" thread="" severity="Trace"><![CDATA[Command Sent to the Instrument:  1TS => Response to command: 2]]></LogMessage>
<LogMessage time="2019-01-31 13:31:25.058" source="AgilisCmds" logname="AGILISUC.Log" thread="" severity="Trace"><![CDATA[Command Sent to the Instrument:  1TS => Response to command: 2]]></LogMessage>
<LogMessage time="2019-01-31 13:31:25.266" source="AgilisCmds" logname="AGILISUC.Log" thread="" severity="Trace"><![CDATA[Command Sent to the Instrument:  1TS => Response to command: 2]]></LogMessage>
<LogMessage time="2019-01-31 13:31:25.474" source="AgilisCmds" logname="AGILISUC.Log" thread="" severity="Trace"><![CDATA[Command Sent to the Instrument:  1TS => Response to command: 2]]></LogMessage>
<LogMessage time="2019-01-31 13:31:25.682" source="AgilisCmds" logname="AGILISUC.Log" thread="" severity="Trace"><![CDATA[Command Sent to the Instrument:  1TS => Response to command: 2]]></LogMessage>
<LogMessage time="2019-01-31 13:31:25.889" source="AgilisCmds" logname="AGILISUC.Log" thread="" severity="Trace"><![CDATA[Command Sent to the Instrument:  1TS => Response to command: 2]]></LogMessage>
<LogMessage time="2019-01-31 13:31:26.098" source="AgilisCmds" logname="AGILISUC.Log" thread="" severity="Trace"><![CDATA[Command Sent to the Instrument:  1TS => Response to command: 2]]></LogMessage>
<LogMessage time="2019-01-31 13:31:26.306" source="AgilisCmds" logname="AGILISUC.Log" thread="" severity="Trace"><![CDATA[Command Sent to the Instrument:  1TS => Response to command: 2]]></LogMessage>
<LogMessage time="2019-01-31 13:31:26.514" source="AgilisCmds" logname="AGILISUC.Log" thread="" severity="Trace"><![CDATA[Command Sent to the Instrument:  1TS => Response to command: 2]]></LogMessage>
<LogMessage time="2019-01-31 13:31:26.721" source="AgilisCmds" logname="AGILISUC.Log" thread="" severity="Trace"><![CDATA[Command Sent to the Instrument:  1TS => Response to command: 2]]></LogMessage>
<LogMessage time="2019-01-31 13:31:26.929" source="AgilisCmds" logname="AGILISUC.Log" thread="" severity="Trace"><![CDATA[Command Sent to the Instrument:  1TS => Response to command: 2]]></LogMessage>
<LogMessage time="2019-01-31 13:31:27.138" source="AgilisCmds" logname="AGILISUC.Log" thread="" severity="Trace"><![CDATA[Command Sent to the Instrument:  1TS => Response to command: 2]]></LogMessage>
<LogMessage time="2019-01-31 13:31:27.345" source="AgilisCmds" logname="AGILISUC.Log" thread="" severity="Trace"><![CDATA[Command Sent to the Instrument:  1TS => Response to command: 2]]></LogMessage>
<LogMessage time="2019-01-31 13:31:27.553" source="AgilisCmds" logname="AGILISUC.Log" thread="" severity="Trace"><![CDATA[Command Sent to the Instrument:  1TS => Response to command: 2]]></LogMessage>
<LogMessage time="2019-01-31 13:31:27.761" source="AgilisCmds" logname="AGILISUC.Log" thread="" severity="Trace"><![CDATA[Command Sent to the Instrument:  1TS => Response to command: 2]]></LogMessage>
<LogMessage time="2019-01-31 13:31:27.969" source="AgilisCmds" logname="AGILISUC.Log" thread="" severity="Trace"><![CDATA[Command Sent to the Instrument:  1TS => Response to command: 2]]></LogMessage>
<LogMessage time="2019-01-31 13:31:28.177" source="AgilisCmds" logname="AGILISUC.Log" thread="" severity="Trace"><![CDATA[Command Sent to the Instrument:  1TS => Response to command: 2]]></LogMessage>
<LogMessage time="2019-01-31 13:31:28.385" source="AgilisCmds" logname="AGILISUC.Log" thread="" severity="Trace"><![CDATA[Command Sent to the Instrument:  1TS => Response to command: 2]]></LogMessage>
<LogMessage time="2019-01-31 13:31:28.593" source="AgilisCmds" logname="AGILISUC.Log" thread="" severity="Trace"><![CDATA[Command Sent to the Instrument:  1TS => Response to command: 2]]></LogMessage>
<LogMessage time="2019-01-31 13:31:28.800" source="AgilisCmds" logname="AGILISUC.Log" thread="" severity="Trace"><![CDATA[Command Sent to the Instrument:  1TS => Response to command: 2]]></LogMessage>
<LogMessage time="2019-01-31 13:31:29.008" source="AgilisCmds" logname="AGILISUC.Log" thread="" severity="Trace"><![CDATA[Command Sent to the Instrument:  1TS => Response to command: 2]]></LogMessage>
<LogMessage time="2019-01-31 13:31:29.217" source="AgilisCmds" logname="AGILISUC.Log" thread="" severity="Trace"><![CDATA[Command Sent to the Instrument:  1TS => Response to command: 2]]></LogMessage>
<LogMessage time="2019-01-31 13:31:29.424" source="AgilisCmds" logname="AGILISUC.Log" thread="" severity="Trace"><![CDATA[Command Sent to the Instrument:  1TS => Response to command: 2]]></LogMessage>
<LogMessage time="2019-01-31 13:31:29.633" source="AgilisCmds" logname="AGILISUC.Log" thread="" severity="Trace"><![CDATA[Command Sent to the Instrument:  1TS => Response to command: 2]]></LogMessage>
<LogMessage time="2019-01-31 13:31:29.840" source="AgilisCmds" logname="AGILISUC.Log" thread="" severity="Trace"><![CDATA[Command Sent to the Instrument:  1TS => Response to command: 2]]></LogMessage>
<LogMessage time="2019-01-31 13:31:30.048" source="AgilisCmds" logname="AGILISUC.Log" thread="" severity="Trace"><![CDATA[Command Sent to the Instrument:  1TS => Response to command: 2]]></LogMessage>
<LogMessage time="2019-01-31 13:31:30.256" source="AgilisCmds" logname="AGILISUC.Log" thread="" severity="Trace"><![CDATA[Command Sent to the Instrument:  1TS => Response to command: 2]]></LogMessage>
<LogMessage time="2019-01-31 13:31:30.464" source="AgilisCmds" logname="AGILISUC.Log" thread="" severity="Trace"><![CDATA[Command Sent to the Instrument:  1TS => Response to command: 2]]></LogMessage>
<LogMessage time="2019-01-31 13:31:30.672" source="AgilisCmds" logname="AGILISUC.Log" thread="" severity="Trace"><![CDATA[Command Sent to the Instrument:  1TS => Response to command: 2]]></LogMessage>
<LogMessage time="2019-01-31 13:31:30.880" source="AgilisCmds" logname="AGILISUC.Log" thread="" severity="Trace"><![CDATA[Command Sent to the Instrument:  1TS => Response to command: 2]]></LogMessage>
<LogMessage time="2019-01-31 13:31:31.088" source="AgilisCmds" logname="AGILISUC.Log" thread="" severity="Trace"><![CDATA[Command Sent to the Instrument:  1TS => Response to command: 2]]></LogMessage>
<LogMessage time="2019-01-31 13:31:31.296" source="AgilisCmds" logname="AGILISUC.Log" thread="" severity="Trace"><![CDATA[Command Sent to the Instrument:  1TS => Response to command: 2]]></LogMessage>
<LogMessage time="2019-01-31 13:31:31.504" source="AgilisCmds" logname="AGILISUC.Log" thread="" severity="Trace"><![CDATA[Command Sent to the Instrument:  1TS => Response to command: 2]]></LogMessage>
<LogMessage time="2019-01-31 13:31:31.711" source="AgilisCmds" logname="AGILISUC.Log" thread="" severity="Trace"><![CDATA[Command Sent to the Instrument:  1TS => Response to command: 2]]></LogMessage>
<LogMessage time="2019-01-31 13:31:31.919" source="AgilisCmds" logname="AGILISUC.Log" thread="" severity="Trace"><![CDATA[Command Sent to the Instrument:  1TS => Response to command: 2]]></LogMessage>
<LogMessage time="2019-01-31 13:31:32.128" source="AgilisCmds" logname="AGILISUC.Log" thread="" severity="Trace"><![CDATA[Command Sent to the Instrument:  1TS => Response to command: 2]]></LogMessage>
<LogMessage time="2019-01-31 13:31:32.336" source="AgilisCmds" logname="AGILISUC.Log" thread="" severity="Trace"><![CDATA[Command Sent to the Instrument:  1TS => Response to command: 2]]></LogMessage>
<LogMessage time="2019-01-31 13:31:32.543" source="AgilisCmds" logname="AGILISUC.Log" thread="" severity="Trace"><![CDATA[Command Sent to the Instrument:  1TS => Response to command: 2]]></LogMessage>
<LogMessage time="2019-01-31 13:31:32.752" source="AgilisCmds" logname="AGILISUC.Log" thread="" severity="Trace"><![CDATA[Command Sent to the Instrument:  1TS => Response to command: 2]]></LogMessage>
<LogMessage time="2019-01-31 13:31:32.959" source="AgilisCmds" logname="AGILISUC.Log" thread="" severity="Trace"><![CDATA[Command Sent to the Instrument:  1TS => Response to command: 2]]></LogMessage>
<LogMessage time="2019-01-31 13:31:33.168" source="AgilisCmds" logname="AGILISUC.Log" thread="" severity="Trace"><![CDATA[Command Sent to the Instrument:  1TS => Response to command: 2]]></LogMessage>
<LogMessage time="2019-01-31 13:31:33.375" source="AgilisCmds" logname="AGILISUC.Log" thread="" severity="Trace"><![CDATA[Command Sent to the Instrument:  1TS => Response to command: 2]]></LogMessage>
<LogMessage time="2019-01-31 13:31:33.584" source="AgilisCmds" logname="AGILISUC.Log" thread="" severity="Trace"><![CDATA[Command Sent to the Instrument:  1TS => Response to command: 2]]></LogMessage>
<LogMessage time="2019-01-31 13:31:33.791" source="AgilisCmds" logname="AGILISUC.Log" thread="" severity="Trace"><![CDATA[Command Sent to the Instrument:  1TS => Response to command: 2]]></LogMessage>
<LogMessage time="2019-01-31 13:31:33.999" source="AgilisCmds" logname="AGILISUC.Log" thread="" severity="Trace"><![CDATA[Command Sent to the Instrument:  1TS => Response to command: 2]]></LogMessage>
<LogMessage time="2019-01-31 13:31:34.207" source="AgilisCmds" logname="AGILISUC.Log" thread="" severity="Trace"><![CDATA[Command Sent to the Instrument:  1TS => Response to command: 2]]></LogMessage>
<LogMessage time="2019-01-31 13:31:34.415" source="AgilisCmds" logname="AGILISUC.Log" thread="" severity="Trace"><![CDATA[Command Sent to the Instrument:  1TS => Response to command: 2]]></LogMessage>
<LogMessage time="2019-01-31 13:31:34.623" source="AgilisCmds" logname="AGILISUC.Log" thread="" severity="Trace"><![CDATA[Command Sent to the Instrument:  1TS => Response to command: 2]]></LogMessage>
<LogMessage time="2019-01-31 13:31:34.831" source="AgilisCmds" logname="AGILISUC.Log" thread="" severity="Trace"><![CDATA[Command Sent to the Instrument:  1TS => Response to command: 2]]></LogMessage>
<LogMessage time="2019-01-31 13:31:35.039" source="AgilisCmds" logname="AGILISUC.Log" thread="" severity="Trace"><![CDATA[Command Sent to the Instrument:  1TS => Response to command: 2]]></LogMessage>
<LogMessage time="2019-01-31 13:31:35.247" source="AgilisCmds" logname="AGILISUC.Log" thread="" severity="Trace"><![CDATA[Command Sent to the Instrument:  1TS => Response to command: 2]]></LogMessage>
<LogMessage time="2019-01-31 13:31:35.454" source="AgilisCmds" logname="AGILISUC.Log" thread="" severity="Trace"><![CDATA[Command Sent to the Instrument:  1TS => Response to command: 2]]></LogMessage>
<LogMessage time="2019-01-31 13:31:35.663" source="AgilisCmds" logname="AGILISUC.Log" thread="" severity="Trace"><![CDATA[Command Sent to the Instrument:  1TS => Response to command: 2]]></LogMessage>
<LogMessage time="2019-01-31 13:31:35.870" source="AgilisCmds" logname="AGILISUC.Log" thread="" severity="Trace"><![CDATA[Command Sent to the Instrument:  1TS => Response to command: 2]]></LogMessage>
<LogMessage time="2019-01-31 13:31:36.078" source="AgilisCmds" logname="AGILISUC.Log" thread="" severity="Trace"><![CDATA[Command Sent to the Instrument:  1TS => Response to command: 2]]></LogMessage>
<LogMessage time="2019-01-31 13:31:36.287" source="AgilisCmds" logname="AGILISUC.Log" thread="" severity="Trace"><![CDATA[Command Sent to the Instrument:  1TS => Response to command: 2]]></LogMessage>
<LogMessage time="2019-01-31 13:31:36.494" source="AgilisCmds" logname="AGILISUC.Log" thread="" severity="Trace"><![CDATA[Command Sent to the Instrument:  1TS => Response to command: 2]]></LogMessage>
<LogMessage time="2019-01-31 13:31:36.703" source="AgilisCmds" logname="AGILISUC.Log" thread="" severity="Trace"><![CDATA[Command Sent to the Instrument:  1TS => Response to command: 2]]></LogMessage>
<LogMessage time="2019-01-31 13:31:36.910" source="AgilisCmds" logname="AGILISUC.Log" thread="" severity="Trace"><![CDATA[Command Sent to the Instrument:  1TS => Response to command: 2]]></LogMessage>
<LogMessage time="2019-01-31 13:31:37.119" source="AgilisCmds" logname="AGILISUC.Log" thread="" severity="Trace"><![CDATA[Command Sent to the Instrument:  1TS => Response to command: 2]]></LogMessage>
<LogMessage time="2019-01-31 13:31:37.326" source="AgilisCmds" logname="AGILISUC.Log" thread="" severity="Trace"><![CDATA[Command Sent to the Instrument:  1TS => Response to command: 2]]></LogMessage>
<LogMessage time="2019-01-31 13:31:37.534" source="AgilisCmds" logname="AGILISUC.Log" thread="" severity="Trace"><![CDATA[Command Sent to the Instrument:  1TS => Response to command: 2]]></LogMessage>
<LogMessage time="2019-01-31 13:31:37.742" source="AgilisCmds" logname="AGILISUC.Log" thread="" severity="Trace"><![CDATA[Command Sent to the Instrument:  1TS => Response to command: 2]]></LogMessage>
<LogMessage time="2019-01-31 13:31:37.950" source="AgilisCmds" logname="AGILISUC.Log" thread="" severity="Trace"><![CDATA[Command Sent to the Instrument:  1TS => Response to command: 2]]></LogMessage>
<LogMessage time="2019-01-31 13:31:38.021" source="AgilisUC" logname="AGILISUC.Log" thread="" severity="Info"><![CDATA[JA: Start Jog Motion : Successful.]]></LogMessage>
<LogMessage time="2019-01-31 13:31:38.158" source="AgilisCmds" logname="AGILISUC.Log" thread="" severity="Trace"><![CDATA[Command Sent to the Instrument:  1TS => Response to command: 0]]></LogMessage>
<LogMessage time="2019-01-31 13:31:38.414" source="AgilisCmds" logname="AGILISUC.Log" thread="" severity="Trace"><![CDATA[Command Sent to the Instrument:  1TS => Response to command: 0]]></LogMessage>
<LogMessage time="2019-01-31 13:31:38.622" source="AgilisCmds" logname="AGILISUC.Log" thread="" severity="Trace"><![CDATA[Command Sent to the Instrument:  1TS => Response to command: 0]]></LogMessage>
<LogMessage time="2019-01-31 13:31:38.830" source="AgilisCmds" logname="AGILISUC.Log" thread="" severity="Trace"><![CDATA[Command Sent to the Instrument:  1TS => Response to command: 0]]></LogMessage>
<LogMessage time="2019-01-31 13:31:39.038" source="AgilisCmds" logname="AGILISUC.Log" thread="" severity="Trace"><![CDATA[Command Sent to the Instrument:  1TS => Response to command: 0]]></LogMessage>
<LogMessage time="2019-01-31 13:31:39.246" source="AgilisCmds" logname="AGILISUC.Log" thread="" severity="Trace"><![CDATA[Command Sent to the Instrument:  1TS => Response to command: 0]]></LogMessage>
<LogMessage time="2019-01-31 13:31:39.454" source="AgilisCmds" logname="AGILISUC.Log" thread="" severity="Trace"><![CDATA[Command Sent to the Instrument:  1TS => Response to command: 0]]></LogMessage>
<LogMessage time="2019-01-31 13:31:39.662" source="AgilisCmds" logname="AGILISUC.Log" thread="" severity="Trace"><![CDATA[Command Sent to the Instrument:  1TS => Response to command: 0]]></LogMessage>
<LogMessage time="2019-01-31 13:31:39.870" source="AgilisCmds" logname="AGILISUC.Log" thread="" severity="Trace"><![CDATA[Command Sent to the Instrument:  1TS => Response to command: 0]]></LogMessage>
<LogMessage time="2019-01-31 13:31:40.077" source="AgilisCmds" logname="AGILISUC.Log" thread="" severity="Trace"><![CDATA[Command Sent to the Instrument:  1TS => Response to command: 0]]></LogMessage>
<LogMessage time="2019-01-31 13:31:40.285" source="AgilisCmds" logname="AGILISUC.Log" thread="" severity="Trace"><![CDATA[Command Sent to the Instrument:  1TS => Response to command: 0]]></LogMessage>
<LogMessage time="2019-01-31 13:31:40.493" source="AgilisCmds" logname="AGILISUC.Log" thread="" severity="Trace"><![CDATA[Command Sent to the Instrument:  1TS => Response to command: 0]]></LogMessage>
<LogMessage time="2019-01-31 13:31:40.702" source="AgilisCmds" logname="AGILISUC.Log" thread="" severity="Trace"><![CDATA[Command Sent to the Instrument:  1TS => Response to command: 0]]></LogMessage>
<LogMessage time="2019-01-31 13:31:40.909" source="AgilisCmds" logname="AGILISUC.Log" thread="" severity="Trace"><![CDATA[Command Sent to the Instrument:  1TS => Response to command: 0]]></LogMessage>
<LogMessage time="2019-01-31 13:31:41.117" source="AgilisCmds" logname="AGILISUC.Log" thread="" severity="Trace"><![CDATA[Command Sent to the Instrument:  1TS => Response to command: 0]]></LogMessage>
<LogMessage time="2019-01-31 13:31:41.325" source="AgilisCmds" logname="AGILISUC.Log" thread="" severity="Trace"><![CDATA[Command Sent to the Instrument:  1TS => Response to command: 0]]></LogMessage>
<LogMessage time="2019-01-31 13:31:41.533" source="AgilisCmds" logname="AGILISUC.Log" thread="" severity="Trace"><![CDATA[Command Sent to the Instrument:  1TS => Response to command: 0]]></LogMessage>
<LogMessage time="2019-01-31 13:31:41.740" source="AgilisCmds" logname="AGILISUC.Log" thread="" severity="Trace"><![CDATA[Command Sent to the Instrument:  1TS => Response to command: 0]]></LogMessage>
<LogMessage time="2019-01-31 13:31:41.949" source="AgilisCmds" logname="AGILISUC.Log" thread="" severity="Trace"><![CDATA[Command Sent to the Instrument:  1TS => Response to command: 0]]></LogMessage>
<LogMessage time="2019-01-31 13:31:42.157" source="AgilisCmds" logname="AGILISUC.Log" thread="" severity="Trace"><![CDATA[Command Sent to the Instrument:  1TS => Response to command: 0]]></LogMessage>
<LogMessage time="2019-01-31 13:31:42.365" source="AgilisCmds" logname="AGILISUC.Log" thread="" severity="Trace"><![CDATA[Command Sent to the Instrument:  1TS => Response to command: 0]]></LogMessage>
<LogMessage time="2019-01-31 13:31:42.573" source="AgilisCmds" logname="AGILISUC.Log" thread="" severity="Trace"><![CDATA[Command Sent to the Instrument:  1TS => Response to command: 0]]></LogMessage>
<LogMessage time="2019-01-31 13:31:42.780" source="AgilisCmds" logname="AGILISUC.Log" thread="" severity="Trace"><![CDATA[Command Sent to the Instrument:  1TS => Response to command: 0]]></LogMessage>
<LogMessage time="2019-01-31 13:31:42.989" source="AgilisCmds" logname="AGILISUC.Log" thread="" severity="Trace"><![CDATA[Command Sent to the Instrument:  1TS => Response to command: 0]]></LogMessage>
<LogMessage time="2019-01-31 13:31:43.196" source="AgilisCmds" logname="AGILISUC.Log" thread="" severity="Trace"><![CDATA[Command Sent to the Instrument:  1TS => Response to command: 0]]></LogMessage>
<LogMessage time="2019-01-31 13:31:43.405" source="AgilisCmds" logname="AGILISUC.Log" thread="" severity="Trace"><![CDATA[Command Sent to the Instrument:  1TS => Response to command: 0]]></LogMessage>
<LogMessage time="2019-01-31 13:31:43.612" source="AgilisCmds" logname="AGILISUC.Log" thread="" severity="Trace"><![CDATA[Command Sent to the Instrument:  1TS => Response to command: 0]]></LogMessage>
<LogMessage time="2019-01-31 13:31:43.820" source="AgilisCmds" logname="AGILISUC.Log" thread="" severity="Trace"><![CDATA[Command Sent to the Instrument:  1TS => Response to command: 0]]></LogMessage>
<LogMessage time="2019-01-31 13:31:44.027" source="AgilisCmds" logname="AGILISUC.Log" thread="" severity="Trace"><![CDATA[Command Sent to the Instrument:  1TS => Response to command: 0]]></LogMessage>
<LogMessage time="2019-01-31 13:31:44.235" source="AgilisCmds" logname="AGILISUC.Log" thread="" severity="Trace"><![CDATA[Command Sent to the Instrument:  1TS => Response to command: 0]]></LogMessage>
<LogMessage time="2019-01-31 13:31:44.443" source="AgilisCmds" logname="AGILISUC.Log" thread="" severity="Trace"><![CDATA[Command Sent to the Instrument:  1TS => Response to command: 0]]></LogMessage>
<LogMessage time="2019-01-31 13:31:44.652" source="AgilisCmds" logname="AGILISUC.Log" thread="" severity="Trace"><![CDATA[Command Sent to the Instrument:  1TS => Response to command: 0]]></LogMessage>
<LogMessage time="2019-01-31 13:31:44.860" source="AgilisCmds" logname="AGILISUC.Log" thread="" severity="Trace"><![CDATA[Command Sent to the Instrument:  1TS => Response to command: 0]]></LogMessage>
<LogMessage time="2019-01-31 13:31:45.068" source="AgilisCmds" logname="AGILISUC.Log" thread="" severity="Trace"><![CDATA[Command Sent to the Instrument:  1TS => Response to command: 0]]></LogMessage>
<LogMessage time="2019-01-31 13:31:45.276" source="AgilisCmds" logname="AGILISUC.Log" thread="" severity="Trace"><![CDATA[Command Sent to the Instrument:  1TS => Response to command: 0]]></LogMessage>
<LogMessage time="2019-01-31 13:31:45.484" source="AgilisCmds" logname="AGILISUC.Log" thread="" severity="Trace"><![CDATA[Command Sent to the Instrument:  1TS => Response to command: 0]]></LogMessage>
<LogMessage time="2019-01-31 13:31:45.692" source="AgilisCmds" logname="AGILISUC.Log" thread="" severity="Trace"><![CDATA[Command Sent to the Instrument:  1TS => Response to command: 0]]></LogMessage>
<LogMessage time="2019-01-31 13:31:45.899" source="AgilisCmds" logname="AGILISUC.Log" thread="" severity="Trace"><![CDATA[Command Sent to the Instrument:  1TS => Response to command: 0]]></LogMessage>
<LogMessage time="2019-01-31 13:31:46.107" source="AgilisCmds" logname="AGILISUC.Log" thread="" severity="Trace"><![CDATA[Command Sent to the Instrument:  1TS => Response to command: 0]]></LogMessage>
<LogMessage time="2019-01-31 13:31:46.316" source="AgilisCmds" logname="AGILISUC.Log" thread="" severity="Trace"><![CDATA[Command Sent to the Instrument:  1TS => Response to command: 0]]></LogMessage>
<LogMessage time="2019-01-31 13:31:46.524" source="AgilisCmds" logname="AGILISUC.Log" thread="" severity="Trace"><![CDATA[Command Sent to the Instrument:  1TS => Response to command: 0]]></LogMessage>
<LogMessage time="2019-01-31 13:31:46.732" source="AgilisCmds" logname="AGILISUC.Log" thread="" severity="Trace"><![CDATA[Command Sent to the Instrument:  1TS => Response to command: 0]]></LogMessage>
<LogMessage time="2019-01-31 13:31:46.939" source="AgilisCmds" logname="AGILISUC.Log" thread="" severity="Trace"><![CDATA[Command Sent to the Instrument:  1TS => Response to command: 0]]></LogMessage>
<LogMessage time="2019-01-31 13:31:47.147" source="AgilisCmds" logname="AGILISUC.Log" thread="" severity="Trace"><![CDATA[Command Sent to the Instrument:  1TS => Response to command: 0]]></LogMessage>
<LogMessage time="2019-01-31 13:31:47.299" source="AgilisUC" logname="AGILISUC.Log" thread="" severity="Error"><![CDATA[Exception occured in polling. Message = Thread was being aborted.]]></LogMessage>
<LogMessage time="2019-01-31 13:31:47.299" source="AgilisUC" logname="AGILISUC.Log" thread="" severity="Error"><![CDATA[Exception occured in polling. Message = Thread was being aborted.]]></LogMessage>
<LogMessage time="2019-01-31 13:31:47.314" source="AgilisUC" logname="AGILISUC.Log" thread="" severity="Info"><![CDATA[SaveXMLConfiguration: Configuration Save : Successful.]]></LogMessage>
