<LogMessage time="2019-01-31 09:03:55.234" source="Newport.Common.Logging.SingleFileLoggingMethod" logname="AGILISUC.Log" thread="" severity="Info"><![CDATA[Logging device for AGILISUC.Log opened for AgilisApp version 2.0.1.0.  Instance name = AgilisUC, Instance version = ]]></LogMessage>
<LogMessage time="2019-01-31 09:03:55.226" source="Newport.Common.Logging.SingleFileLoggingMethod" logname="AGILISUC.Log" thread="" severity="Info"><![CDATA[Log AGILISUC.Log opened for AgilisApp version 2.0.1.0.  Instance name = AgilisUC, Instance version = ]]></LogMessage>
<LogMessage time="2019-01-31 09:03:55.238" source="Newport.Common.Logging.SingleFileLoggingMethod" logname="AGILISUC.Log" thread="" severity="Info"><![CDATA[Log AGILISUC.Log is logging at level 4]]></LogMessage>
<LogMessage time="2019-01-31 09:03:55.241" source="Newport.Common.Logging.SingleFileLoggingMethod" logname="AGILISUC.Log" thread="" severity="Info"><![CDATA[Log AGILISUC.Log is logging at level 0]]></LogMessage>
<LogMessage time="2019-01-31 09:03:55.241" source="AgilisUC" logname="AGILISUC.Log" thread="" severity="Info"><![CDATA[Load Configuration : Successful.]]></LogMessage>
<LogMessage time="2019-01-31 09:03:55.243" source="AgilisUC" logname="AGILISUC.Log" thread="" severity="Info"><![CDATA[AGILISUC Log Initialize]]></LogMessage>
<LogMessage time="2019-01-31 09:03:55.284" source="AgilisCmds" logname="AGILISUC.Log" thread="" severity="Trace"><![CDATA[Command Sent to the Instrument:  VE => Response to command: AG-UC8 v2.2.1]]></LogMessage>
<LogMessage time="2019-01-31 09:03:55.287" source="AgilisUC" logname="AGILISUC.Log" thread="" severity="Info"><![CDATA[MR: Success]]></LogMessage>
<LogMessage time="2019-01-31 09:03:55.299" source="AgilisCmds" logname="AGILISUC.Log" thread="" severity="Trace"><![CDATA[Command Sent to the Instrument:  CC => Response to command: C1]]></LogMessage>
<LogMessage time="2019-01-31 09:03:55.314" source="AgilisCmds" logname="AGILISUC.Log" thread="" severity="Trace"><![CDATA[Command Sent to the Instrument:  1TS => Response to command: 0]]></LogMessage>
<LogMessage time="2019-01-31 09:03:55.315" source="AgilisUC" logname="AGILISUC.Log" thread="" severity="Info"><![CDATA[Communication with instrument successful]]></LogMessage>
<LogMessage time="2019-01-31 09:03:55.331" source="AgilisCmds" logname="AGILISUC.Log" thread="" severity="Trace"><![CDATA[Command Sent to the Instrument:  1SU- => Response to command: 50]]></LogMessage>
<LogMessage time="2019-01-31 09:03:55.347" source="AgilisCmds" logname="AGILISUC.Log" thread="" severity="Trace"><![CDATA[Command Sent to the Instrument:  1SU+ => Response to command: 50]]></LogMessage>
<LogMessage time="2019-01-31 09:03:55.363" source="AgilisCmds" logname="AGILISUC.Log" thread="" severity="Trace"><![CDATA[Command Sent to the Instrument:  1SU- => Response to command: 50]]></LogMessage>
<LogMessage time="2019-01-31 09:03:55.379" source="AgilisCmds" logname="AGILISUC.Log" thread="" severity="Trace"><![CDATA[Command Sent to the Instrument:  1SU+ => Response to command: 50]]></LogMessage>
<LogMessage time="2019-01-31 09:03:55.426" source="AgilisCmds" logname="AGILISUC.Log" thread="" severity="Trace"><![CDATA[Command Sent to the Instrument:  1TS => Response to command: 0]]></LogMessage>
<LogMessage time="2019-01-31 09:03:55.667" source="AgilisCmds" logname="AGILISUC.Log" thread="" severity="Trace"><![CDATA[Command Sent to the Instrument:  1TS => Response to command: 0]]></LogMessage>
<LogMessage time="2019-01-31 09:03:55.874" source="AgilisCmds" logname="AGILISUC.Log" thread="" severity="Trace"><![CDATA[Command Sent to the Instrument:  1TS => Response to command: 0]]></LogMessage>
<LogMessage time="2019-01-31 09:03:56.083" source="AgilisCmds" logname="AGILISUC.Log" thread="" severity="Trace"><![CDATA[Command Sent to the Instrument:  1TS => Response to command: 0]]></LogMessage>
<LogMessage time="2019-01-31 09:03:56.291" source="AgilisCmds" logname="AGILISUC.Log" thread="" severity="Trace"><![CDATA[Command Sent to the Instrument:  1TS => Response to command: 0]]></LogMessage>
<LogMessage time="2019-01-31 09:03:56.498" source="AgilisCmds" logname="AGILISUC.Log" thread="" severity="Trace"><![CDATA[Command Sent to the Instrument:  1TS => Response to command: 0]]></LogMessage>
<LogMessage time="2019-01-31 09:03:56.707" source="AgilisCmds" logname="AGILISUC.Log" thread="" severity="Trace"><![CDATA[Command Sent to the Instrument:  1TS => Response to command: 0]]></LogMessage>
<LogMessage time="2019-01-31 09:03:56.914" source="AgilisCmds" logname="AGILISUC.Log" thread="" severity="Trace"><![CDATA[Command Sent to the Instrument:  1TS => Response to command: 0]]></LogMessage>
<LogMessage time="2019-01-31 09:03:57.122" source="AgilisCmds" logname="AGILISUC.Log" thread="" severity="Trace"><![CDATA[Command Sent to the Instrument:  1TS => Response to command: 0]]></LogMessage>
<LogMessage time="2019-01-31 09:03:57.331" source="AgilisCmds" logname="AGILISUC.Log" thread="" severity="Trace"><![CDATA[Command Sent to the Instrument:  1TS => Response to command: 0]]></LogMessage>
<LogMessage time="2019-01-31 09:03:57.539" source="AgilisCmds" logname="AGILISUC.Log" thread="" severity="Trace"><![CDATA[Command Sent to the Instrument:  1TS => Response to command: 0]]></LogMessage>
<LogMessage time="2019-01-31 09:03:57.746" source="AgilisCmds" logname="AGILISUC.Log" thread="" severity="Trace"><![CDATA[Command Sent to the Instrument:  1TS => Response to command: 0]]></LogMessage>
<LogMessage time="2019-01-31 09:03:57.954" source="AgilisCmds" logname="AGILISUC.Log" thread="" severity="Trace"><![CDATA[Command Sent to the Instrument:  1TS => Response to command: 0]]></LogMessage>
<LogMessage time="2019-01-31 09:03:58.162" source="AgilisCmds" logname="AGILISUC.Log" thread="" severity="Trace"><![CDATA[Command Sent to the Instrument:  1TS => Response to command: 0]]></LogMessage>
<LogMessage time="2019-01-31 09:03:58.370" source="AgilisCmds" logname="AGILISUC.Log" thread="" severity="Trace"><![CDATA[Command Sent to the Instrument:  1TS => Response to command: 0]]></LogMessage>
<LogMessage time="2019-01-31 09:03:58.578" source="AgilisCmds" logname="AGILISUC.Log" thread="" severity="Trace"><![CDATA[Command Sent to the Instrument:  1TS => Response to command: 0]]></LogMessage>
<LogMessage time="2019-01-31 09:03:58.786" source="AgilisCmds" logname="AGILISUC.Log" thread="" severity="Trace"><![CDATA[Command Sent to the Instrument:  1TS => Response to command: 0]]></LogMessage>
<LogMessage time="2019-01-31 09:03:58.994" source="AgilisCmds" logname="AGILISUC.Log" thread="" severity="Trace"><![CDATA[Command Sent to the Instrument:  1TS => Response to command: 0]]></LogMessage>
<LogMessage time="2019-01-31 09:03:59.202" source="AgilisCmds" logname="AGILISUC.Log" thread="" severity="Trace"><![CDATA[Command Sent to the Instrument:  1TS => Response to command: 0]]></LogMessage>
<LogMessage time="2019-01-31 09:03:59.410" source="AgilisCmds" logname="AGILISUC.Log" thread="" severity="Trace"><![CDATA[Command Sent to the Instrument:  1TS => Response to command: 0]]></LogMessage>
<LogMessage time="2019-01-31 09:03:59.455" source="AgilisUC" logname="AGILISUC.Log" thread="" severity="Info"><![CDATA[SU: Success]]></LogMessage>
<LogMessage time="2019-01-31 09:03:59.455" source="AgilisUC" logname="AGILISUC.Log" thread="" severity="Info"><![CDATA[SU: Success]]></LogMessage>
<LogMessage time="2019-01-31 09:04:09.470" source="AgilisCmds" logname="AGILISUC.Log" thread="" severity="Trace"><![CDATA[Command Sent to the Instrument:  1TS => Response to command: 0]]></LogMessage>
<LogMessage time="2019-01-31 09:04:09.486" source="AgilisCmds" logname="AGILISUC.Log" thread="" severity="Trace"><![CDATA[Command Sent to the Instrument:  1TS => Response to command: 0]]></LogMessage>
<LogMessage time="2019-01-31 09:04:09.603" source="AgilisUC" logname="AGILISUC.Log" thread="" severity="Info"><![CDATA[GetStepAmplitudeNegative: Success]]></LogMessage>
<LogMessage time="2019-01-31 09:04:09.605" source="AgilisCmds" logname="AGILISUC.Log" thread="" severity="Error"><![CDATA[1JA3 command: Communication error -100]]></LogMessage>
<LogMessage time="2019-01-31 09:04:09.605" source="AgilisUC" logname="AGILISUC.Log" thread="" severity="Error"><![CDATA[JA: Start Jog Motion : Failed. (1JA3 command: Communication error -100)]]></LogMessage>
<LogMessage time="2019-01-31 09:04:09.614" source="AgilisUC" logname="AGILISUC.Log" thread="" severity="Info"><![CDATA[GetControllerStatus: Success]]></LogMessage>
<LogMessage time="2019-01-31 09:04:36.358" source="AgilisUC" logname="AGILISUC.Log" thread="" severity="Info"><![CDATA[SaveXMLConfiguration: Configuration Save : Successful.]]></LogMessage>
