<LogMessage time="2019-01-28 17:12:13.862" source="Newport.Common.Logging.SingleFileLoggingMethod" logname="AGILISUC.Log" thread="" severity="Info"><![CDATA[Logging device for AGILISUC.Log opened for AgilisApp version 2.0.1.0.  Instance name = AgilisUC, Instance version = ]]></LogMessage>
<LogMessage time="2019-01-28 17:12:13.853" source="Newport.Common.Logging.SingleFileLoggingMethod" logname="AGILISUC.Log" thread="" severity="Info"><![CDATA[Log AGILISUC.Log opened for AgilisApp version 2.0.1.0.  Instance name = AgilisUC, Instance version = ]]></LogMessage>
<LogMessage time="2019-01-28 17:12:13.866" source="Newport.Common.Logging.SingleFileLoggingMethod" logname="AGILISUC.Log" thread="" severity="Info"><![CDATA[Log AGILISUC.Log is logging at level 4]]></LogMessage>
<LogMessage time="2019-01-28 17:12:13.869" source="Newport.Common.Logging.SingleFileLoggingMethod" logname="AGILISUC.Log" thread="" severity="Info"><![CDATA[Log AGILISUC.Log is logging at level 0]]></LogMessage>
<LogMessage time="2019-01-28 17:12:13.869" source="AgilisUC" logname="AGILISUC.Log" thread="" severity="Info"><![CDATA[Load Configuration : Successful.]]></LogMessage>
<LogMessage time="2019-01-28 17:12:13.871" source="AgilisUC" logname="AGILISUC.Log" thread="" severity="Info"><![CDATA[AGILISUC Log Initialize]]></LogMessage>
<LogMessage time="2019-01-28 17:12:13.904" source="AgilisCmds" logname="AGILISUC.Log" thread="" severity="Trace"><![CDATA[Command Sent to the Instrument:  VE => Response to command: AG-UC8 v2.2.1]]></LogMessage>
<LogMessage time="2019-01-28 17:12:13.907" source="AgilisUC" logname="AGILISUC.Log" thread="" severity="Info"><![CDATA[MR: Success]]></LogMessage>
<LogMessage time="2019-01-28 17:12:13.919" source="AgilisCmds" logname="AGILISUC.Log" thread="" severity="Trace"><![CDATA[Command Sent to the Instrument:  CC => Response to command: C1]]></LogMessage>
<LogMessage time="2019-01-28 17:12:13.934" source="AgilisCmds" logname="AGILISUC.Log" thread="" severity="Trace"><![CDATA[Command Sent to the Instrument:  1TS => Response to command: 0]]></LogMessage>
<LogMessage time="2019-01-28 17:12:13.935" source="AgilisUC" logname="AGILISUC.Log" thread="" severity="Info"><![CDATA[Communication with instrument successful]]></LogMessage>
<LogMessage time="2019-01-28 17:12:13.951" source="AgilisCmds" logname="AGILISUC.Log" thread="" severity="Trace"><![CDATA[Command Sent to the Instrument:  1SU- => Response to command: 35]]></LogMessage>
<LogMessage time="2019-01-28 17:12:13.967" source="AgilisCmds" logname="AGILISUC.Log" thread="" severity="Trace"><![CDATA[Command Sent to the Instrument:  1SU+ => Response to command: 35]]></LogMessage>
<LogMessage time="2019-01-28 17:12:13.983" source="AgilisCmds" logname="AGILISUC.Log" thread="" severity="Trace"><![CDATA[Command Sent to the Instrument:  1SU- => Response to command: 35]]></LogMessage>
<LogMessage time="2019-01-28 17:12:13.998" source="AgilisCmds" logname="AGILISUC.Log" thread="" severity="Trace"><![CDATA[Command Sent to the Instrument:  1SU+ => Response to command: 35]]></LogMessage>
<LogMessage time="2019-01-28 17:12:14.046" source="AgilisCmds" logname="AGILISUC.Log" thread="" severity="Trace"><![CDATA[Command Sent to the Instrument:  1TS => Response to command: 0]]></LogMessage>
<LogMessage time="2019-01-28 17:12:14.270" source="AgilisCmds" logname="AGILISUC.Log" thread="" severity="Trace"><![CDATA[Command Sent to the Instrument:  1TS => Response to command: 0]]></LogMessage>
<LogMessage time="2019-01-28 17:12:14.478" source="AgilisCmds" logname="AGILISUC.Log" thread="" severity="Trace"><![CDATA[Command Sent to the Instrument:  1TS => Response to command: 0]]></LogMessage>
<LogMessage time="2019-01-28 17:12:14.686" source="AgilisCmds" logname="AGILISUC.Log" thread="" severity="Trace"><![CDATA[Command Sent to the Instrument:  1TS => Response to command: 0]]></LogMessage>
<LogMessage time="2019-01-28 17:12:14.894" source="AgilisCmds" logname="AGILISUC.Log" thread="" severity="Trace"><![CDATA[Command Sent to the Instrument:  1TS => Response to command: 0]]></LogMessage>
<LogMessage time="2019-01-28 17:12:15.102" source="AgilisCmds" logname="AGILISUC.Log" thread="" severity="Trace"><![CDATA[Command Sent to the Instrument:  1TS => Response to command: 0]]></LogMessage>
<LogMessage time="2019-01-28 17:12:15.310" source="AgilisCmds" logname="AGILISUC.Log" thread="" severity="Trace"><![CDATA[Command Sent to the Instrument:  1TS => Response to command: 0]]></LogMessage>
<LogMessage time="2019-01-28 17:12:15.518" source="AgilisCmds" logname="AGILISUC.Log" thread="" severity="Trace"><![CDATA[Command Sent to the Instrument:  1TS => Response to command: 0]]></LogMessage>
<LogMessage time="2019-01-28 17:12:15.726" source="AgilisCmds" logname="AGILISUC.Log" thread="" severity="Trace"><![CDATA[Command Sent to the Instrument:  1TS => Response to command: 0]]></LogMessage>
<LogMessage time="2019-01-28 17:12:15.934" source="AgilisCmds" logname="AGILISUC.Log" thread="" severity="Trace"><![CDATA[Command Sent to the Instrument:  1TS => Response to command: 0]]></LogMessage>
<LogMessage time="2019-01-28 17:12:16.142" source="AgilisCmds" logname="AGILISUC.Log" thread="" severity="Trace"><![CDATA[Command Sent to the Instrument:  1TS => Response to command: 0]]></LogMessage>
<LogMessage time="2019-01-28 17:12:16.349" source="AgilisCmds" logname="AGILISUC.Log" thread="" severity="Trace"><![CDATA[Command Sent to the Instrument:  1TS => Response to command: 0]]></LogMessage>
<LogMessage time="2019-01-28 17:12:16.420" source="AgilisUC" logname="AGILISUC.Log" thread="" severity="Error"><![CDATA[Exception occured in polling. Message = Thread was being aborted.]]></LogMessage>
<LogMessage time="2019-01-28 17:12:16.420" source="AgilisUC" logname="AGILISUC.Log" thread="" severity="Error"><![CDATA[Exception occured in polling. Message = Thread was being aborted.]]></LogMessage>
<LogMessage time="2019-01-28 17:12:16.434" source="AgilisUC" logname="AGILISUC.Log" thread="" severity="Info"><![CDATA[SaveXMLConfiguration: Configuration Save : Successful.]]></LogMessage>
