<LogMessage time="2019-01-31 12:59:03.544" source="Newport.Common.Logging.SingleFileLoggingMethod" logname="AGILISUC.Log" thread="" severity="Info"><![CDATA[Logging device for AGILISUC.Log opened for AgilisApp version 2.0.1.0.  Instance name = AgilisUC, Instance version = ]]></LogMessage>
<LogMessage time="2019-01-31 12:59:03.536" source="Newport.Common.Logging.SingleFileLoggingMethod" logname="AGILISUC.Log" thread="" severity="Info"><![CDATA[Log AGILISUC.Log opened for AgilisApp version 2.0.1.0.  Instance name = AgilisUC, Instance version = ]]></LogMessage>
<LogMessage time="2019-01-31 12:59:03.548" source="Newport.Common.Logging.SingleFileLoggingMethod" logname="AGILISUC.Log" thread="" severity="Info"><![CDATA[Log AGILISUC.Log is logging at level 4]]></LogMessage>
<LogMessage time="2019-01-31 12:59:03.551" source="Newport.Common.Logging.SingleFileLoggingMethod" logname="AGILISUC.Log" thread="" severity="Info"><![CDATA[Log AGILISUC.Log is logging at level 0]]></LogMessage>
<LogMessage time="2019-01-31 12:59:03.552" source="AgilisUC" logname="AGILISUC.Log" thread="" severity="Info"><![CDATA[Load Configuration : Successful.]]></LogMessage>
<LogMessage time="2019-01-31 12:59:03.553" source="AgilisUC" logname="AGILISUC.Log" thread="" severity="Info"><![CDATA[AGILISUC Log Initialize]]></LogMessage>
<LogMessage time="2019-01-31 12:59:03.593" source="AgilisCmds" logname="AGILISUC.Log" thread="" severity="Trace"><![CDATA[Command Sent to the Instrument:  VE => Response to command: AG-UC8 v2.2.1]]></LogMessage>
<LogMessage time="2019-01-31 12:59:03.596" source="AgilisUC" logname="AGILISUC.Log" thread="" severity="Info"><![CDATA[MR: Success]]></LogMessage>
<LogMessage time="2019-01-31 12:59:03.608" source="AgilisCmds" logname="AGILISUC.Log" thread="" severity="Trace"><![CDATA[Command Sent to the Instrument:  CC => Response to command: C1]]></LogMessage>
<LogMessage time="2019-01-31 12:59:03.623" source="AgilisCmds" logname="AGILISUC.Log" thread="" severity="Trace"><![CDATA[Command Sent to the Instrument:  1TS => Response to command: 0]]></LogMessage>
<LogMessage time="2019-01-31 12:59:03.623" source="AgilisUC" logname="AGILISUC.Log" thread="" severity="Info"><![CDATA[Communication with instrument successful]]></LogMessage>
<LogMessage time="2019-01-31 12:59:03.639" source="AgilisCmds" logname="AGILISUC.Log" thread="" severity="Trace"><![CDATA[Command Sent to the Instrument:  1SU- => Response to command: 50]]></LogMessage>
<LogMessage time="2019-01-31 12:59:03.655" source="AgilisCmds" logname="AGILISUC.Log" thread="" severity="Trace"><![CDATA[Command Sent to the Instrument:  1SU+ => Response to command: 50]]></LogMessage>
<LogMessage time="2019-01-31 12:59:03.671" source="AgilisCmds" logname="AGILISUC.Log" thread="" severity="Trace"><![CDATA[Command Sent to the Instrument:  1SU- => Response to command: 50]]></LogMessage>
<LogMessage time="2019-01-31 12:59:03.687" source="AgilisCmds" logname="AGILISUC.Log" thread="" severity="Trace"><![CDATA[Command Sent to the Instrument:  1SU+ => Response to command: 50]]></LogMessage>
<LogMessage time="2019-01-31 12:59:03.734" source="AgilisCmds" logname="AGILISUC.Log" thread="" severity="Trace"><![CDATA[Command Sent to the Instrument:  1TS => Response to command: 0]]></LogMessage>
<LogMessage time="2019-01-31 12:59:03.975" source="AgilisCmds" logname="AGILISUC.Log" thread="" severity="Trace"><![CDATA[Command Sent to the Instrument:  1TS => Response to command: 0]]></LogMessage>
<LogMessage time="2019-01-31 12:59:04.183" source="AgilisCmds" logname="AGILISUC.Log" thread="" severity="Trace"><![CDATA[Command Sent to the Instrument:  1TS => Response to command: 0]]></LogMessage>
<LogMessage time="2019-01-31 12:59:04.391" source="AgilisCmds" logname="AGILISUC.Log" thread="" severity="Trace"><![CDATA[Command Sent to the Instrument:  1TS => Response to command: 0]]></LogMessage>
<LogMessage time="2019-01-31 12:59:04.598" source="AgilisCmds" logname="AGILISUC.Log" thread="" severity="Trace"><![CDATA[Command Sent to the Instrument:  1TS => Response to command: 0]]></LogMessage>
<LogMessage time="2019-01-31 12:59:04.807" source="AgilisCmds" logname="AGILISUC.Log" thread="" severity="Trace"><![CDATA[Command Sent to the Instrument:  1TS => Response to command: 0]]></LogMessage>
<LogMessage time="2019-01-31 12:59:05.015" source="AgilisCmds" logname="AGILISUC.Log" thread="" severity="Trace"><![CDATA[Command Sent to the Instrument:  1TS => Response to command: 0]]></LogMessage>
<LogMessage time="2019-01-31 12:59:05.222" source="AgilisCmds" logname="AGILISUC.Log" thread="" severity="Trace"><![CDATA[Command Sent to the Instrument:  1TS => Response to command: 0]]></LogMessage>
<LogMessage time="2019-01-31 12:59:05.430" source="AgilisCmds" logname="AGILISUC.Log" thread="" severity="Trace"><![CDATA[Command Sent to the Instrument:  1TS => Response to command: 0]]></LogMessage>
<LogMessage time="2019-01-31 12:59:05.638" source="AgilisCmds" logname="AGILISUC.Log" thread="" severity="Trace"><![CDATA[Command Sent to the Instrument:  1TS => Response to command: 0]]></LogMessage>
<LogMessage time="2019-01-31 12:59:05.846" source="AgilisCmds" logname="AGILISUC.Log" thread="" severity="Trace"><![CDATA[Command Sent to the Instrument:  1TS => Response to command: 0]]></LogMessage>
<LogMessage time="2019-01-31 12:59:06.055" source="AgilisCmds" logname="AGILISUC.Log" thread="" severity="Trace"><![CDATA[Command Sent to the Instrument:  1TS => Response to command: 0]]></LogMessage>
<LogMessage time="2019-01-31 12:59:06.262" source="AgilisCmds" logname="AGILISUC.Log" thread="" severity="Trace"><![CDATA[Command Sent to the Instrument:  1TS => Response to command: 0]]></LogMessage>
<LogMessage time="2019-01-31 12:59:06.470" source="AgilisCmds" logname="AGILISUC.Log" thread="" severity="Trace"><![CDATA[Command Sent to the Instrument:  1TS => Response to command: 0]]></LogMessage>
<LogMessage time="2019-01-31 12:59:06.678" source="AgilisCmds" logname="AGILISUC.Log" thread="" severity="Trace"><![CDATA[Command Sent to the Instrument:  1TS => Response to command: 0]]></LogMessage>
<LogMessage time="2019-01-31 12:59:06.886" source="AgilisCmds" logname="AGILISUC.Log" thread="" severity="Trace"><![CDATA[Command Sent to the Instrument:  1TS => Response to command: 0]]></LogMessage>
<LogMessage time="2019-01-31 12:59:07.094" source="AgilisCmds" logname="AGILISUC.Log" thread="" severity="Trace"><![CDATA[Command Sent to the Instrument:  1TS => Response to command: 0]]></LogMessage>
<LogMessage time="2019-01-31 12:59:07.302" source="AgilisCmds" logname="AGILISUC.Log" thread="" severity="Trace"><![CDATA[Command Sent to the Instrument:  1TS => Response to command: 0]]></LogMessage>
<LogMessage time="2019-01-31 12:59:07.510" source="AgilisCmds" logname="AGILISUC.Log" thread="" severity="Trace"><![CDATA[Command Sent to the Instrument:  1TS => Response to command: 0]]></LogMessage>
<LogMessage time="2019-01-31 12:59:07.717" source="AgilisCmds" logname="AGILISUC.Log" thread="" severity="Trace"><![CDATA[Command Sent to the Instrument:  1TS => Response to command: 0]]></LogMessage>
<LogMessage time="2019-01-31 12:59:07.925" source="AgilisCmds" logname="AGILISUC.Log" thread="" severity="Trace"><![CDATA[Command Sent to the Instrument:  1TS => Response to command: 0]]></LogMessage>
<LogMessage time="2019-01-31 12:59:08.134" source="AgilisCmds" logname="AGILISUC.Log" thread="" severity="Trace"><![CDATA[Command Sent to the Instrument:  1TS => Response to command: 0]]></LogMessage>
<LogMessage time="2019-01-31 12:59:08.341" source="AgilisCmds" logname="AGILISUC.Log" thread="" severity="Trace"><![CDATA[Command Sent to the Instrument:  1TS => Response to command: 0]]></LogMessage>
<LogMessage time="2019-01-31 12:59:08.549" source="AgilisCmds" logname="AGILISUC.Log" thread="" severity="Trace"><![CDATA[Command Sent to the Instrument:  1TS => Response to command: 0]]></LogMessage>
<LogMessage time="2019-01-31 12:59:08.757" source="AgilisCmds" logname="AGILISUC.Log" thread="" severity="Trace"><![CDATA[Command Sent to the Instrument:  1TS => Response to command: 0]]></LogMessage>
<LogMessage time="2019-01-31 12:59:08.965" source="AgilisCmds" logname="AGILISUC.Log" thread="" severity="Trace"><![CDATA[Command Sent to the Instrument:  1TS => Response to command: 0]]></LogMessage>
<LogMessage time="2019-01-31 12:59:09.174" source="AgilisCmds" logname="AGILISUC.Log" thread="" severity="Trace"><![CDATA[Command Sent to the Instrument:  1TS => Response to command: 0]]></LogMessage>
<LogMessage time="2019-01-31 12:59:09.382" source="AgilisCmds" logname="AGILISUC.Log" thread="" severity="Trace"><![CDATA[Command Sent to the Instrument:  1TS => Response to command: 0]]></LogMessage>
<LogMessage time="2019-01-31 12:59:09.589" source="AgilisCmds" logname="AGILISUC.Log" thread="" severity="Trace"><![CDATA[Command Sent to the Instrument:  1TS => Response to command: 0]]></LogMessage>
<LogMessage time="2019-01-31 12:59:09.796" source="AgilisCmds" logname="AGILISUC.Log" thread="" severity="Trace"><![CDATA[Command Sent to the Instrument:  1TS => Response to command: 0]]></LogMessage>
<LogMessage time="2019-01-31 12:59:10.005" source="AgilisCmds" logname="AGILISUC.Log" thread="" severity="Trace"><![CDATA[Command Sent to the Instrument:  1TS => Response to command: 0]]></LogMessage>
<LogMessage time="2019-01-31 12:59:10.213" source="AgilisCmds" logname="AGILISUC.Log" thread="" severity="Trace"><![CDATA[Command Sent to the Instrument:  1TS => Response to command: 0]]></LogMessage>
<LogMessage time="2019-01-31 12:59:10.420" source="AgilisCmds" logname="AGILISUC.Log" thread="" severity="Trace"><![CDATA[Command Sent to the Instrument:  1TS => Response to command: 0]]></LogMessage>
<LogMessage time="2019-01-31 12:59:10.629" source="AgilisCmds" logname="AGILISUC.Log" thread="" severity="Trace"><![CDATA[Command Sent to the Instrument:  1TS => Response to command: 0]]></LogMessage>
<LogMessage time="2019-01-31 12:59:10.837" source="AgilisCmds" logname="AGILISUC.Log" thread="" severity="Trace"><![CDATA[Command Sent to the Instrument:  1TS => Response to command: 0]]></LogMessage>
<LogMessage time="2019-01-31 12:59:11.045" source="AgilisCmds" logname="AGILISUC.Log" thread="" severity="Trace"><![CDATA[Command Sent to the Instrument:  1TS => Response to command: 0]]></LogMessage>
<LogMessage time="2019-01-31 12:59:11.252" source="AgilisCmds" logname="AGILISUC.Log" thread="" severity="Trace"><![CDATA[Command Sent to the Instrument:  1TS => Response to command: 0]]></LogMessage>
<LogMessage time="2019-01-31 12:59:11.460" source="AgilisCmds" logname="AGILISUC.Log" thread="" severity="Trace"><![CDATA[Command Sent to the Instrument:  1TS => Response to command: 0]]></LogMessage>
<LogMessage time="2019-01-31 12:59:11.669" source="AgilisCmds" logname="AGILISUC.Log" thread="" severity="Trace"><![CDATA[Command Sent to the Instrument:  1TS => Response to command: 0]]></LogMessage>
<LogMessage time="2019-01-31 12:59:11.855" source="AgilisUC" logname="AGILISUC.Log" thread="" severity="Info"><![CDATA[JA: Start Jog Motion : Successful.]]></LogMessage>
<LogMessage time="2019-01-31 12:59:11.876" source="AgilisCmds" logname="AGILISUC.Log" thread="" severity="Trace"><![CDATA[Command Sent to the Instrument:  1TS => Response to command: 2]]></LogMessage>
<LogMessage time="2019-01-31 12:59:12.148" source="AgilisCmds" logname="AGILISUC.Log" thread="" severity="Trace"><![CDATA[Command Sent to the Instrument:  1TS => Response to command: 2]]></LogMessage>
<LogMessage time="2019-01-31 12:59:12.356" source="AgilisCmds" logname="AGILISUC.Log" thread="" severity="Trace"><![CDATA[Command Sent to the Instrument:  1TS => Response to command: 2]]></LogMessage>
<LogMessage time="2019-01-31 12:59:12.564" source="AgilisCmds" logname="AGILISUC.Log" thread="" severity="Trace"><![CDATA[Command Sent to the Instrument:  1TS => Response to command: 2]]></LogMessage>
<LogMessage time="2019-01-31 12:59:12.772" source="AgilisCmds" logname="AGILISUC.Log" thread="" severity="Trace"><![CDATA[Command Sent to the Instrument:  1TS => Response to command: 2]]></LogMessage>
<LogMessage time="2019-01-31 12:59:12.980" source="AgilisCmds" logname="AGILISUC.Log" thread="" severity="Trace"><![CDATA[Command Sent to the Instrument:  1TS => Response to command: 2]]></LogMessage>
<LogMessage time="2019-01-31 12:59:13.188" source="AgilisCmds" logname="AGILISUC.Log" thread="" severity="Trace"><![CDATA[Command Sent to the Instrument:  1TS => Response to command: 2]]></LogMessage>
<LogMessage time="2019-01-31 12:59:13.396" source="AgilisCmds" logname="AGILISUC.Log" thread="" severity="Trace"><![CDATA[Command Sent to the Instrument:  1TS => Response to command: 2]]></LogMessage>
<LogMessage time="2019-01-31 12:59:13.604" source="AgilisCmds" logname="AGILISUC.Log" thread="" severity="Trace"><![CDATA[Command Sent to the Instrument:  1TS => Response to command: 2]]></LogMessage>
<LogMessage time="2019-01-31 12:59:13.812" source="AgilisCmds" logname="AGILISUC.Log" thread="" severity="Trace"><![CDATA[Command Sent to the Instrument:  1TS => Response to command: 2]]></LogMessage>
<LogMessage time="2019-01-31 12:59:14.020" source="AgilisCmds" logname="AGILISUC.Log" thread="" severity="Trace"><![CDATA[Command Sent to the Instrument:  1TS => Response to command: 2]]></LogMessage>
<LogMessage time="2019-01-31 12:59:14.228" source="AgilisCmds" logname="AGILISUC.Log" thread="" severity="Trace"><![CDATA[Command Sent to the Instrument:  1TS => Response to command: 2]]></LogMessage>
<LogMessage time="2019-01-31 12:59:14.436" source="AgilisCmds" logname="AGILISUC.Log" thread="" severity="Trace"><![CDATA[Command Sent to the Instrument:  1TS => Response to command: 2]]></LogMessage>
<LogMessage time="2019-01-31 12:59:14.643" source="AgilisCmds" logname="AGILISUC.Log" thread="" severity="Trace"><![CDATA[Command Sent to the Instrument:  1TS => Response to command: 2]]></LogMessage>
<LogMessage time="2019-01-31 12:59:14.851" source="AgilisCmds" logname="AGILISUC.Log" thread="" severity="Trace"><![CDATA[Command Sent to the Instrument:  1TS => Response to command: 2]]></LogMessage>
<LogMessage time="2019-01-31 12:59:15.059" source="AgilisCmds" logname="AGILISUC.Log" thread="" severity="Trace"><![CDATA[Command Sent to the Instrument:  1TS => Response to command: 2]]></LogMessage>
<LogMessage time="2019-01-31 12:59:15.267" source="AgilisCmds" logname="AGILISUC.Log" thread="" severity="Trace"><![CDATA[Command Sent to the Instrument:  1TS => Response to command: 2]]></LogMessage>
<LogMessage time="2019-01-31 12:59:15.293" source="AgilisUC" logname="AGILISUC.Log" thread="" severity="Info"><![CDATA[JA: Start Jog Motion : Successful.]]></LogMessage>
<LogMessage time="2019-01-31 12:59:15.475" source="AgilisCmds" logname="AGILISUC.Log" thread="" severity="Trace"><![CDATA[Command Sent to the Instrument:  1TS => Response to command: 0]]></LogMessage>
<LogMessage time="2019-01-31 12:59:15.746" source="AgilisCmds" logname="AGILISUC.Log" thread="" severity="Trace"><![CDATA[Command Sent to the Instrument:  1TS => Response to command: 0]]></LogMessage>
<LogMessage time="2019-01-31 12:59:15.955" source="AgilisCmds" logname="AGILISUC.Log" thread="" severity="Trace"><![CDATA[Command Sent to the Instrument:  1TS => Response to command: 0]]></LogMessage>
<LogMessage time="2019-01-31 12:59:16.163" source="AgilisCmds" logname="AGILISUC.Log" thread="" severity="Trace"><![CDATA[Command Sent to the Instrument:  1TS => Response to command: 0]]></LogMessage>
<LogMessage time="2019-01-31 12:59:16.371" source="AgilisCmds" logname="AGILISUC.Log" thread="" severity="Trace"><![CDATA[Command Sent to the Instrument:  1TS => Response to command: 0]]></LogMessage>
<LogMessage time="2019-01-31 12:59:16.579" source="AgilisCmds" logname="AGILISUC.Log" thread="" severity="Trace"><![CDATA[Command Sent to the Instrument:  1TS => Response to command: 0]]></LogMessage>
<LogMessage time="2019-01-31 12:59:16.787" source="AgilisCmds" logname="AGILISUC.Log" thread="" severity="Trace"><![CDATA[Command Sent to the Instrument:  1TS => Response to command: 0]]></LogMessage>
<LogMessage time="2019-01-31 12:59:16.995" source="AgilisCmds" logname="AGILISUC.Log" thread="" severity="Trace"><![CDATA[Command Sent to the Instrument:  1TS => Response to command: 0]]></LogMessage>
<LogMessage time="2019-01-31 12:59:17.203" source="AgilisCmds" logname="AGILISUC.Log" thread="" severity="Trace"><![CDATA[Command Sent to the Instrument:  1TS => Response to command: 0]]></LogMessage>
<LogMessage time="2019-01-31 12:59:17.411" source="AgilisCmds" logname="AGILISUC.Log" thread="" severity="Trace"><![CDATA[Command Sent to the Instrument:  1TS => Response to command: 0]]></LogMessage>
<LogMessage time="2019-01-31 12:59:17.619" source="AgilisCmds" logname="AGILISUC.Log" thread="" severity="Trace"><![CDATA[Command Sent to the Instrument:  1TS => Response to command: 0]]></LogMessage>
<LogMessage time="2019-01-31 12:59:17.826" source="AgilisCmds" logname="AGILISUC.Log" thread="" severity="Trace"><![CDATA[Command Sent to the Instrument:  1TS => Response to command: 0]]></LogMessage>
<LogMessage time="2019-01-31 12:59:18.034" source="AgilisCmds" logname="AGILISUC.Log" thread="" severity="Trace"><![CDATA[Command Sent to the Instrument:  1TS => Response to command: 0]]></LogMessage>
<LogMessage time="2019-01-31 12:59:18.242" source="AgilisCmds" logname="AGILISUC.Log" thread="" severity="Trace"><![CDATA[Command Sent to the Instrument:  1TS => Response to command: 0]]></LogMessage>
<LogMessage time="2019-01-31 12:59:18.451" source="AgilisCmds" logname="AGILISUC.Log" thread="" severity="Trace"><![CDATA[Command Sent to the Instrument:  1TS => Response to command: 0]]></LogMessage>
<LogMessage time="2019-01-31 12:59:18.659" source="AgilisCmds" logname="AGILISUC.Log" thread="" severity="Trace"><![CDATA[Command Sent to the Instrument:  1TS => Response to command: 0]]></LogMessage>
<LogMessage time="2019-01-31 12:59:18.866" source="AgilisCmds" logname="AGILISUC.Log" thread="" severity="Trace"><![CDATA[Command Sent to the Instrument:  1TS => Response to command: 0]]></LogMessage>
<LogMessage time="2019-01-31 12:59:19.075" source="AgilisCmds" logname="AGILISUC.Log" thread="" severity="Trace"><![CDATA[Command Sent to the Instrument:  1TS => Response to command: 0]]></LogMessage>
<LogMessage time="2019-01-31 12:59:19.283" source="AgilisCmds" logname="AGILISUC.Log" thread="" severity="Trace"><![CDATA[Command Sent to the Instrument:  1TS => Response to command: 0]]></LogMessage>
<LogMessage time="2019-01-31 12:59:19.444" source="AgilisUC" logname="AGILISUC.Log" thread="" severity="Error"><![CDATA[Exception occured in polling. Message = Thread was being aborted.]]></LogMessage>
<LogMessage time="2019-01-31 12:59:19.444" source="AgilisUC" logname="AGILISUC.Log" thread="" severity="Error"><![CDATA[Exception occured in polling. Message = Thread was being aborted.]]></LogMessage>
<LogMessage time="2019-01-31 12:59:19.458" source="AgilisUC" logname="AGILISUC.Log" thread="" severity="Info"><![CDATA[SaveXMLConfiguration: Configuration Save : Successful.]]></LogMessage>
