
WDREG utility v11.10. Build Aug 26 2012 13:52:13
Log from Fri Jan 04 15:17:39 2019

Command line: C:\Program Files\Newport\Piezo Motion Control\Newport FTDI Driver\wdreg.exe -inf C:\Program Files\Newport\Piezo Motion Control\Newport FTDI Driver\ftdibus.inf -silent -log C:\Program Files\Newport\Piezo Motion Control\Newport FTDI Driver\ftdibus.log install

Processing HWID USB\VID_104D&PID_3000
Installing a signed driver package for USB\VID_104D&PID_3000
Device node (hwid:USB\VID_104D&PID_3000): exists and is configured. Installing.
CM_Get_DevNode_Status ret value 0, status 1806400, problem 1c
LOG ok: 1, ENTER:  DriverPackageInstallA
LOG ok: 1, ENTER:  DriverPackageInstallW
LOG ok: 1, Looking for Model Section [FtdiHw.NTamd64]...
LOG ok: 1, Installing INF file 'C:\Program Files\Newport\Piezo Motion Control\Newport FTDI Driver\ftdibus.inf' (Plug and Play).
LOG ok: 1, Looking for Model Section [FtdiHw.NTamd64]...
LOG ok: 1, Installing devices with Id "USB\VID_104D&PID_3000&REV_0600" using INF "C:\Windows\System32\DriverStore\FileRepository\ftdibus.inf_amd64_d6f31f1582991ec8\ftdibus.inf".
LOG ok: 1, ENTER UpdateDriverForPlugAndPlayDevices...
LOG ok: 0, RETURN UpdateDriverForPlugAndPlayDevices.
LOG ok: 1, Installation was successful.
LOG ok: 0, Install completed
LOG ok: 1, RETURN: DriverPackageInstallW  (0x0)
LOG ok: 1, RETURN: DriverPackageInstallA  (0x0)
 difx_install_preinstall_inf: err 0, last event 0, last error 0. SUCCESS
install: completed successfully
STATUS_SUCCESS
